Using pre-set license
Built from '2022.3/staging' branch; Version is '2022.3.17f1 (4fc78088f837) revision 5228416'; Using compiler version '192829333'; Build Type 'Release'
OS: 'Windows 10  (10.0.19045) 64bit CoreSingleLanguage' Language: 'ru' Physical Memory: 12204 MB
BatchMode: 1, IsHumanControllingUs: 0, StartBugReporterOnCrash: 0, Is64bit: 1, IsPro: 1

COMMAND LINE ARGUMENTS:
C:\Program Files\Unity\Hub\Editor\2022.3.17f1\Editor\Unity.exe
-adb2
-batchMode
-noUpm
-name
AssetImportWorker1
-projectPath
C:/Users/Server/Documents/GitHub/DoodleShooter/DoodleJumpShooter
-logFile
Logs/AssetImportWorker1.log
-srvPort
56266
Successfully changed project path to: C:/Users/Server/Documents/GitHub/DoodleShooter/DoodleJumpShooter
C:/Users/Server/Documents/GitHub/DoodleShooter/DoodleJumpShooter
[UnityMemory] Configuration Parameters - Can be set up in boot.config
    "memorysetup-bucket-allocator-granularity=16"
    "memorysetup-bucket-allocator-bucket-count=8"
    "memorysetup-bucket-allocator-block-size=33554432"
    "memorysetup-bucket-allocator-block-count=8"
    "memorysetup-main-allocator-block-size=16777216"
    "memorysetup-thread-allocator-block-size=16777216"
    "memorysetup-gfx-main-allocator-block-size=16777216"
    "memorysetup-gfx-thread-allocator-block-size=16777216"
    "memorysetup-cache-allocator-block-size=4194304"
    "memorysetup-typetree-allocator-block-size=2097152"
    "memorysetup-profiler-bucket-allocator-granularity=16"
    "memorysetup-profiler-bucket-allocator-bucket-count=8"
    "memorysetup-profiler-bucket-allocator-block-size=33554432"
    "memorysetup-profiler-bucket-allocator-block-count=8"
    "memorysetup-profiler-allocator-block-size=16777216"
    "memorysetup-profiler-editor-allocator-block-size=1048576"
    "memorysetup-temp-allocator-size-main=16777216"
    "memorysetup-job-temp-allocator-block-size=2097152"
    "memorysetup-job-temp-allocator-block-size-background=1048576"
    "memorysetup-job-temp-allocator-reduction-small-platforms=262144"
    "memorysetup-allocator-temp-initial-block-size-main=262144"
    "memorysetup-allocator-temp-initial-block-size-worker=262144"
    "memorysetup-temp-allocator-size-background-worker=32768"
    "memorysetup-temp-allocator-size-job-worker=262144"
    "memorysetup-temp-allocator-size-preload-manager=33554432"
    "memorysetup-temp-allocator-size-nav-mesh-worker=65536"
    "memorysetup-temp-allocator-size-audio-worker=65536"
    "memorysetup-temp-allocator-size-cloud-worker=32768"
    "memorysetup-temp-allocator-size-gi-baking-worker=262144"
    "memorysetup-temp-allocator-size-gfx=262144"
Player connection [27676] Host "[IP] 25.21.9.144 [Port] 0 [Flags] 2 [Guid] 702081004 [EditorId] 702081004 [Version] 1048832 [Id] WindowsEditor(7,DESKTOP-TBEICR3) [Debug] 1 [PackageName] WindowsEditor [ProjectName] Editor" joined multi-casting on [225.0.0.222:54997]...

Player connection [27676] Host "[IP] 25.21.9.144 [Port] 0 [Flags] 2 [Guid] 702081004 [EditorId] 702081004 [Version] 1048832 [Id] WindowsEditor(7,DESKTOP-TBEICR3) [Debug] 1 [PackageName] WindowsEditor [ProjectName] Editor" joined alternative multi-casting on [225.0.0.222:34997]...

[Physics::Module] Initialized MultithreadedJobDispatcher with 3 workers.
Refreshing native plugins compatible for Editor in 1453.66 ms, found 4 plugins.
Preloading 0 native plugins for Editor in 0.00 ms.
Initialize engine version: 2022.3.17f1 (4fc78088f837)
[Subsystems] Discovering subsystems at path C:/Program Files/Unity/Hub/Editor/2022.3.17f1/Editor/Data/Resources/UnitySubsystems
[Subsystems] Discovering subsystems at path C:/Users/Server/Documents/GitHub/DoodleShooter/DoodleJumpShooter/Assets
GfxDevice: creating device client; threaded=0; jobified=0
Direct3D:
    Version:  Direct3D 11.0 [level 11.1]
    Renderer: Intel(R) HD Graphics 520 (ID=0x1916)
    Vendor:   Intel
    VRAM:     6102 MB
    Driver:   31.0.101.2125
Initialize mono
Mono path[0] = 'C:/Program Files/Unity/Hub/Editor/2022.3.17f1/Editor/Data/Managed'
Mono path[1] = 'C:/Program Files/Unity/Hub/Editor/2022.3.17f1/Editor/Data/MonoBleedingEdge/lib/mono/unityjit-win32'
Mono config path = 'C:/Program Files/Unity/Hub/Editor/2022.3.17f1/Editor/Data/MonoBleedingEdge/etc'
Using monoOptions --debugger-agent=transport=dt_socket,embedding=1,server=y,suspend=n,address=127.0.0.1:56444
Begin MonoManager ReloadAssembly
Registering precompiled unity dll's ...
Register platform support module: C:/Program Files/Unity/Hub/Editor/2022.3.17f1/Editor/Data/PlaybackEngines/WebGLSupport/UnityEditor.WebGL.Extensions.dll
Register platform support module: C:/Program Files/Unity/Hub/Editor/2022.3.17f1/Editor/Data/PlaybackEngines/AndroidPlayer/UnityEditor.Android.Extensions.dll
Register platform support module: C:/Program Files/Unity/Hub/Editor/2022.3.17f1/Editor/Data/PlaybackEngines/WindowsStandaloneSupport/UnityEditor.WindowsStandalone.Extensions.dll
Registered in 0.027661 seconds.
- Loaded All Assemblies, in  1.514 seconds
Native extension for WindowsStandalone target not found
Native extension for Android target not found
Android Extension - Scanning For ADB Devices 720 ms
Native extension for WebGL target not found
Mono: successfully reloaded assembly
- Finished resetting the current domain, in  1.626 seconds
Domain Reload Profiling: 3137ms
	BeginReloadAssembly (248ms)
		ExecutionOrderSort (0ms)
		DisableScriptedObjects (0ms)
		BackupInstance (0ms)
		ReleaseScriptingObjects (0ms)
		CreateAndSetChildDomain (1ms)
	RebuildCommonClasses (165ms)
	RebuildNativeTypeToScriptingClass (23ms)
	initialDomainReloadingComplete (136ms)
	LoadAllAssembliesAndSetupDomain (938ms)
		LoadAssemblies (246ms)
		RebuildTransferFunctionScriptingTraits (0ms)
		AnalyzeDomain (932ms)
			TypeCache.Refresh (930ms)
				TypeCache.ScanAssembly (888ms)
			ScanForSourceGeneratedMonoScriptInfo (1ms)
			ResolveRequiredComponents (1ms)
	FinalizeReload (1627ms)
		ReleaseScriptCaches (0ms)
		RebuildScriptCaches (0ms)
		SetupLoadedEditorAssemblies (1462ms)
			LogAssemblyErrors (0ms)
			InitializePlatformSupportModulesInManaged (1047ms)
			SetLoadedEditorAssemblies (7ms)
			RefreshPlugins (0ms)
			BeforeProcessingInitializeOnLoad (4ms)
			ProcessInitializeOnLoadAttributes (241ms)
			ProcessInitializeOnLoadMethodAttributes (163ms)
			AfterProcessingInitializeOnLoad (0ms)
			EditorAssembliesLoaded (0ms)
		ExecutionOrderSort2 (0ms)
		AwakeInstancesAfterBackupRestoration (0ms)
========================================================================
Worker process is ready to serve import requests
Begin MonoManager ReloadAssembly
- Loaded All Assemblies, in  2.101 seconds
Refreshing native plugins compatible for Editor in 13.18 ms, found 4 plugins.
Native extension for WindowsStandalone target not found
Native extension for Android target not found
Native extension for WebGL target not found
Package Manager log level set to [2]
[Package Manager] Server::EnsureServerProcessIsRunning -- launch failed, reason: Unity was launched with the -noUpm command-line argument
[Package Manager] UpmClient::Send -- Unable to send message (not connected to UPM process).
[Package Manager] Cannot connect to Unity Package Manager local server
Mono: successfully reloaded assembly
- Finished resetting the current domain, in  1.834 seconds
Domain Reload Profiling: 3927ms
	BeginReloadAssembly (302ms)
		ExecutionOrderSort (0ms)
		DisableScriptedObjects (11ms)
		BackupInstance (0ms)
		ReleaseScriptingObjects (0ms)
		CreateAndSetChildDomain (39ms)
	RebuildCommonClasses (70ms)
	RebuildNativeTypeToScriptingClass (30ms)
	initialDomainReloadingComplete (90ms)
	LoadAllAssembliesAndSetupDomain (1602ms)
		LoadAssemblies (754ms)
		RebuildTransferFunctionScriptingTraits (0ms)
		AnalyzeDomain (1032ms)
			TypeCache.Refresh (960ms)
				TypeCache.ScanAssembly (657ms)
			ScanForSourceGeneratedMonoScriptInfo (51ms)
			ResolveRequiredComponents (18ms)
	FinalizeReload (1835ms)
		ReleaseScriptCaches (0ms)
		RebuildScriptCaches (0ms)
		SetupLoadedEditorAssemblies (1445ms)
			LogAssemblyErrors (0ms)
			InitializePlatformSupportModulesInManaged (62ms)
			SetLoadedEditorAssemblies (8ms)
			RefreshPlugins (0ms)
			BeforeProcessingInitializeOnLoad (153ms)
			ProcessInitializeOnLoadAttributes (1132ms)
			ProcessInitializeOnLoadMethodAttributes (73ms)
			AfterProcessingInitializeOnLoad (16ms)
			EditorAssembliesLoaded (0ms)
		ExecutionOrderSort2 (0ms)
		AwakeInstancesAfterBackupRestoration (14ms)
Launched and connected shader compiler UnityShaderCompiler.exe after 0.15 seconds
Refreshing native plugins compatible for Editor in 16.91 ms, found 4 plugins.
Preloading 0 native plugins for Editor in 0.00 ms.
Unloading 4486 Unused Serialized files (Serialized files now loaded: 0)
Unloading 105 unused Assets / (498.1 KB). Loaded Objects now: 4927.
Memory consumption went from 173.0 MB to 172.6 MB.
Total: 7.412700 ms (FindLiveObjects: 0.513100 ms CreateObjectMapping: 0.468900 ms MarkObjects: 5.970300 ms  DeleteObjects: 0.458300 ms)

AssetImportParameters requested are different than current active one (requested -> active):
  custom:container-demuxer-ogg: 62fdf1f143b41e24485cea50d1cbac27 -> 
  custom:scripting/monoscript/fileName/Serafim_Idle.cs: 4e0b726384d8590811c64bc64234f048 -> 982b3a7f8c870c050839e282eb2ead64
  custom:video-decoder-ogg-theora: a1e56fd34408186e4bbccfd4996cb3dc -> 
  custom:framework-win-MediaFoundation: 216162199b28c13a410421893ffa2e32 -> 
  custom:CustomObjectIndexerAttribute: 6d391050e5a25f67b0a2c618074f2cd9 -> 
  custom:container-demuxer-webm: 4f35f7cbe854078d1ac9338744f61a02 -> 
  custom:container-muxer-webm: aa71ff27fc2769a1b78a27578f13a17b -> 
  custom:video-decoder-webm-vp8: 9c59270c3fd7afecdb556c50c9e8de78 -> 
  custom:SearchIndexIgnoredProperties: e643bd26f0fe6173181afceb89e7c659 -> 
  custom:AudioImporter_EditorPlatform: d09bf68614088b80899f8185d706f6e7 -> 
  custom:scripting/monoscript/fileName/CameraFollowTwoObjects.cs: 4b47a90d1d620c09892ae8f71e6d52ce -> 
  custom:video-encoder-webm-vp8: eb34c28f22e8b96e1ab97ce403110664 -> 
  custom:audio-decoder-ogg-vorbis: bf7c407c2cedff20999df2af8eb42d56 -> 
  custom:audio-encoder-webm-vorbis: bf7c407c2cedff20999df2af8eb42d56 -> 
========================================================================
Received Import Request.
  Time since last request: 332313.134230 seconds.
  path: Assets/Resources/Prefabs/SerafimsShealds Variant.prefab
  artifactKey: Guid(cc6c035ed2cd98242b57ba51ddaae78d) Importer(815301076,1909f56bfc062723c751e8b465ee728b)
Start importing Assets/Resources/Prefabs/SerafimsShealds Variant.prefab using Guid(cc6c035ed2cd98242b57ba51ddaae78d) Importer(815301076,1909f56bfc062723c751e8b465ee728b)  -> (artifact id: '209dd01b10dd0d2d7c74edd2dc24f7a6') in 0.232820 seconds
Number of updated asset objects reloaded before import = 0
Number of asset objects unloaded after import = 60
========================================================================
Received Import Request.
  Time since last request: 0.000060 seconds.
  path: Assets/Resources/Prefabs/SerafimsShealds.prefab
  artifactKey: Guid(2e210c74629ba4d4194e87f2380ad971) Importer(815301076,1909f56bfc062723c751e8b465ee728b)
Start importing Assets/Resources/Prefabs/SerafimsShealds.prefab using Guid(2e210c74629ba4d4194e87f2380ad971) Importer(815301076,1909f56bfc062723c751e8b465ee728b)  -> (artifact id: 'd90f4d99f0e317f18b5781a2811cc9ee') in 0.048210 seconds
Number of updated asset objects reloaded before import = 0
Number of asset objects unloaded after import = 31
========================================================================
Received Import Request.
  Time since last request: 0.000026 seconds.
  path: Assets/Resources/Prefabs/Serafim.prefab
  artifactKey: Guid(3ee1c5d6ed70d0c44bb28453d8d4daed) Importer(815301076,1909f56bfc062723c751e8b465ee728b)
Start importing Assets/Resources/Prefabs/Serafim.prefab using Guid(3ee1c5d6ed70d0c44bb28453d8d4daed) Importer(815301076,1909f56bfc062723c751e8b465ee728b)  -> (artifact id: '933486568c515fcce7935e314ec76136') in 0.118577 seconds
Number of updated asset objects reloaded before import = 0
Number of asset objects unloaded after import = 133
========================================================================
Received Prepare
Begin MonoManager ReloadAssembly
- Loaded All Assemblies, in  2.028 seconds
Refreshing native plugins compatible for Editor in 20.54 ms, found 4 plugins.
Native extension for WindowsStandalone target not found
Native extension for Android target not found
Native extension for WebGL target not found
[Package Manager] Server::EnsureServerProcessIsRunning -- launch failed, reason: Unity was launched with the -noUpm command-line argument
[Package Manager] UpmClient::Send -- Unable to send message (not connected to UPM process).
[Package Manager] Cannot connect to Unity Package Manager local server
Mono: successfully reloaded assembly
- Finished resetting the current domain, in  6.245 seconds
Domain Reload Profiling: 8260ms
	BeginReloadAssembly (573ms)
		ExecutionOrderSort (0ms)
		DisableScriptedObjects (36ms)
		BackupInstance (0ms)
		ReleaseScriptingObjects (0ms)
		CreateAndSetChildDomain (128ms)
	RebuildCommonClasses (279ms)
	RebuildNativeTypeToScriptingClass (88ms)
	initialDomainReloadingComplete (115ms)
	LoadAllAssembliesAndSetupDomain (957ms)
		LoadAssemblies (1197ms)
		RebuildTransferFunctionScriptingTraits (0ms)
		AnalyzeDomain (38ms)
			TypeCache.Refresh (12ms)
				TypeCache.ScanAssembly (0ms)
			ScanForSourceGeneratedMonoScriptInfo (0ms)
			ResolveRequiredComponents (24ms)
	FinalizeReload (6247ms)
		ReleaseScriptCaches (0ms)
		RebuildScriptCaches (0ms)
		SetupLoadedEditorAssemblies (3833ms)
			LogAssemblyErrors (0ms)
			InitializePlatformSupportModulesInManaged (209ms)
			SetLoadedEditorAssemblies (13ms)
			RefreshPlugins (0ms)
			BeforeProcessingInitializeOnLoad (273ms)
			ProcessInitializeOnLoadAttributes (3057ms)
			ProcessInitializeOnLoadMethodAttributes (231ms)
			AfterProcessingInitializeOnLoad (49ms)
			EditorAssembliesLoaded (1ms)
		ExecutionOrderSort2 (0ms)
		AwakeInstancesAfterBackupRestoration (92ms)
Refreshing native plugins compatible for Editor in 51.00 ms, found 4 plugins.
Preloading 0 native plugins for Editor in 0.00 ms.
Unloading 4438 Unused Serialized files (Serialized files now loaded: 0)
Unloading 68 unused Assets / (471.3 KB). Loaded Objects now: 4952.
Memory consumption went from 163.2 MB to 162.7 MB.
Total: 224.593500 ms (FindLiveObjects: 0.853000 ms CreateObjectMapping: 4.935100 ms MarkObjects: 217.313800 ms  DeleteObjects: 1.489800 ms)

Prepare: number of updated asset objects reloaded= 0
AssetImportParameters requested are different than current active one (requested -> active):
  custom:container-demuxer-ogg: 62fdf1f143b41e24485cea50d1cbac27 -> 
  custom:scripting/monoscript/fileName/Serafim_Idle.cs: 4e0b726384d8590811c64bc64234f048 -> 982b3a7f8c870c050839e282eb2ead64
  custom:video-decoder-ogg-theora: a1e56fd34408186e4bbccfd4996cb3dc -> 
  custom:framework-win-MediaFoundation: 216162199b28c13a410421893ffa2e32 -> 
  custom:CustomObjectIndexerAttribute: 6d391050e5a25f67b0a2c618074f2cd9 -> 
  custom:container-demuxer-webm: 4f35f7cbe854078d1ac9338744f61a02 -> 
  custom:container-muxer-webm: aa71ff27fc2769a1b78a27578f13a17b -> 
  custom:video-decoder-webm-vp8: 9c59270c3fd7afecdb556c50c9e8de78 -> 
  custom:SearchIndexIgnoredProperties: e643bd26f0fe6173181afceb89e7c659 -> 
  custom:AudioImporter_EditorPlatform: d09bf68614088b80899f8185d706f6e7 -> 
  custom:scripting/monoscript/fileName/CameraFollowTwoObjects.cs: 4b47a90d1d620c09892ae8f71e6d52ce -> 
  custom:video-encoder-webm-vp8: eb34c28f22e8b96e1ab97ce403110664 -> 
  custom:audio-decoder-ogg-vorbis: bf7c407c2cedff20999df2af8eb42d56 -> 
  custom:audio-encoder-webm-vorbis: bf7c407c2cedff20999df2af8eb42d56 -> 
========================================================================
Received Import Request.
  Time since last request: 196.416220 seconds.
  path: Assets/Resources/Prefabs/Serafim.prefab
  artifactKey: Guid(3ee1c5d6ed70d0c44bb28453d8d4daed) Importer(815301076,1909f56bfc062723c751e8b465ee728b)
Start importing Assets/Resources/Prefabs/Serafim.prefab using Guid(3ee1c5d6ed70d0c44bb28453d8d4daed) Importer(815301076,1909f56bfc062723c751e8b465ee728b)  -> (artifact id: '2746adef91cf5ee2ebebe9bf8ac64e2a') in 0.359073 seconds
Number of updated asset objects reloaded before import = 0
Number of asset objects unloaded after import = 133
========================================================================
Received Import Request.
  Time since last request: 0.000066 seconds.
  path: Assets/Resources/Prefabs/SerafimsShealds Variant.prefab
  artifactKey: Guid(cc6c035ed2cd98242b57ba51ddaae78d) Importer(815301076,1909f56bfc062723c751e8b465ee728b)
Start importing Assets/Resources/Prefabs/SerafimsShealds Variant.prefab using Guid(cc6c035ed2cd98242b57ba51ddaae78d) Importer(815301076,1909f56bfc062723c751e8b465ee728b)  -> (artifact id: 'd8ac933a7fe1b4dd083a9305199235cf') in 0.049645 seconds
Number of updated asset objects reloaded before import = 0
Number of asset objects unloaded after import = 60
========================================================================
Received Import Request.
  Time since last request: 0.000053 seconds.
  path: Assets/Resources/Prefabs/SerafimsShealds.prefab
  artifactKey: Guid(2e210c74629ba4d4194e87f2380ad971) Importer(815301076,1909f56bfc062723c751e8b465ee728b)
Start importing Assets/Resources/Prefabs/SerafimsShealds.prefab using Guid(2e210c74629ba4d4194e87f2380ad971) Importer(815301076,1909f56bfc062723c751e8b465ee728b)  -> (artifact id: 'aab3343c3d9597d14342df612ea3dd5b') in 0.043913 seconds
Number of updated asset objects reloaded before import = 0
Number of asset objects unloaded after import = 31
========================================================================
Received Import Request.
  Time since last request: 9.680940 seconds.
  path: Assets/Resources/Prefabs/EnemyBulletFaster.prefab
  artifactKey: Guid(a836b46aa659d3f4086c224ce7bb29da) Importer(815301076,1909f56bfc062723c751e8b465ee728b)
Start importing Assets/Resources/Prefabs/EnemyBulletFaster.prefab using Guid(a836b46aa659d3f4086c224ce7bb29da) Importer(815301076,1909f56bfc062723c751e8b465ee728b)  -> (artifact id: '9abbf5d08895ec3f7c9a46168d2d1154') in 0.034837 seconds
Number of updated asset objects reloaded before import = 0
Number of asset objects unloaded after import = 25
========================================================================
Received Import Request.
  Time since last request: 3.686468 seconds.
  path: Assets/Resources/Prefabs/Carousel 2.prefab
  artifactKey: Guid(e96e8eb1213173a4b8d69013560e4bc1) Importer(815301076,1909f56bfc062723c751e8b465ee728b)
Start importing Assets/Resources/Prefabs/Carousel 2.prefab using Guid(e96e8eb1213173a4b8d69013560e4bc1) Importer(815301076,1909f56bfc062723c751e8b465ee728b)  -> (artifact id: '6580024bd35a550e4fc3564140a9e2d3') in 0.283073 seconds
Number of updated asset objects reloaded before import = 0
Number of asset objects unloaded after import = 278
========================================================================
Received Import Request.
  Time since last request: 0.000044 seconds.
  path: Assets/Resources/Prefabs/DipyMinion Variant.prefab
  artifactKey: Guid(a38590f1d37eabb4b8361797868f9a42) Importer(815301076,1909f56bfc062723c751e8b465ee728b)
Start importing Assets/Resources/Prefabs/DipyMinion Variant.prefab using Guid(a38590f1d37eabb4b8361797868f9a42) Importer(815301076,1909f56bfc062723c751e8b465ee728b)  -> (artifact id: '63d7872f4a3f76392bf1331f258a027e') in 0.057106 seconds
Number of updated asset objects reloaded before import = 0
Number of asset objects unloaded after import = 190
========================================================================
Received Import Request.
  Time since last request: 0.000062 seconds.
  path: Assets/Resources/Prefabs/DipyBoss.prefab
  artifactKey: Guid(65745e720da1a224aaa770adc704ebe7) Importer(815301076,1909f56bfc062723c751e8b465ee728b)
Start importing Assets/Resources/Prefabs/DipyBoss.prefab using Guid(65745e720da1a224aaa770adc704ebe7) Importer(815301076,1909f56bfc062723c751e8b465ee728b)  -> (artifact id: '981da4b41751013503288680b8696857') in 0.252064 seconds
Number of updated asset objects reloaded before import = 0
Number of asset objects unloaded after import = 447
========================================================================
Received Import Request.
  Time since last request: 0.000049 seconds.
  path: Assets/Resources/Prefabs/Enemy Shooter.prefab
  artifactKey: Guid(d30cf9aa22aaab04da043ace8d20ba1b) Importer(815301076,1909f56bfc062723c751e8b465ee728b)
Start importing Assets/Resources/Prefabs/Enemy Shooter.prefab using Guid(d30cf9aa22aaab04da043ace8d20ba1b) Importer(815301076,1909f56bfc062723c751e8b465ee728b)  -> (artifact id: 'c958c698db77a0f6cb4aaee2ba68a4dc') in 0.055778 seconds
Number of updated asset objects reloaded before import = 0
Number of asset objects unloaded after import = 117
========================================================================
Received Import Request.
  Time since last request: 0.000100 seconds.
  path: Assets/Resources/Prefabs/MeatBoss.prefab
  artifactKey: Guid(121d752c421d79d489cf0065cbd19c78) Importer(815301076,1909f56bfc062723c751e8b465ee728b)
Start importing Assets/Resources/Prefabs/MeatBoss.prefab using Guid(121d752c421d79d489cf0065cbd19c78) Importer(815301076,1909f56bfc062723c751e8b465ee728b)  -> (artifact id: 'faf727331118a5119c9f29e3fe44078b') in 0.143136 seconds
Number of updated asset objects reloaded before import = 0
Number of asset objects unloaded after import = 299
========================================================================
Received Import Request.
  Time since last request: 0.000040 seconds.
  path: Assets/Resources/Prefabs/EnemyBullet.prefab
  artifactKey: Guid(33645040014452747bd7798da756815f) Importer(815301076,1909f56bfc062723c751e8b465ee728b)
Start importing Assets/Resources/Prefabs/EnemyBullet.prefab using Guid(33645040014452747bd7798da756815f) Importer(815301076,1909f56bfc062723c751e8b465ee728b)  -> (artifact id: '217a35c6b06881f89a814767ea1fc0d8') in 0.031927 seconds
Number of updated asset objects reloaded before import = 0
Number of asset objects unloaded after import = 25
========================================================================
Received Import Request.
  Time since last request: 1.994426 seconds.
  path: Assets/Resources/Prefabs/Programm.prefab
  artifactKey: Guid(99356f5e9ba047040850d55acde31c53) Importer(815301076,1909f56bfc062723c751e8b465ee728b)
Start importing Assets/Resources/Prefabs/Programm.prefab using Guid(99356f5e9ba047040850d55acde31c53) Importer(815301076,1909f56bfc062723c751e8b465ee728b)  -> (artifact id: '12de3b062b00c10b734e2e2a2bf093cc') in 0.317985 seconds
Number of updated asset objects reloaded before import = 0
Number of asset objects unloaded after import = 214
========================================================================
Received Import Request.
  Time since last request: 0.000043 seconds.
  path: Assets/Resources/Prefabs/Serafim.prefab
  artifactKey: Guid(3ee1c5d6ed70d0c44bb28453d8d4daed) Importer(815301076,1909f56bfc062723c751e8b465ee728b)
Start importing Assets/Resources/Prefabs/Serafim.prefab using Guid(3ee1c5d6ed70d0c44bb28453d8d4daed) Importer(815301076,1909f56bfc062723c751e8b465ee728b)  -> (artifact id: '478aec2da59f321afe87107b05d8ca6c') in 0.193678 seconds
Number of updated asset objects reloaded before import = 0
Number of asset objects unloaded after import = 133
========================================================================
Received Import Request.
  Time since last request: 12.867589 seconds.
  path: Assets/Resources/Prefabs/Serafim.prefab
  artifactKey: Guid(3ee1c5d6ed70d0c44bb28453d8d4daed) Importer(815301076,1909f56bfc062723c751e8b465ee728b)
Start importing Assets/Resources/Prefabs/Serafim.prefab using Guid(3ee1c5d6ed70d0c44bb28453d8d4daed) Importer(815301076,1909f56bfc062723c751e8b465ee728b)  -> (artifact id: '1bb7a05bc8ba9b23b2b079da0f8d88f4') in 0.066599 seconds
Number of updated asset objects reloaded before import = 0
Number of asset objects unloaded after import = 133
========================================================================
Received Import Request.
  Time since last request: 0.000039 seconds.
  path: Assets/Resources/Prefabs/SerafimsShealds Variant.prefab
  artifactKey: Guid(cc6c035ed2cd98242b57ba51ddaae78d) Importer(815301076,1909f56bfc062723c751e8b465ee728b)
Start importing Assets/Resources/Prefabs/SerafimsShealds Variant.prefab using Guid(cc6c035ed2cd98242b57ba51ddaae78d) Importer(815301076,1909f56bfc062723c751e8b465ee728b)  -> (artifact id: 'fb62665007cc59db1384369f1022e21d') in 0.067321 seconds
Number of updated asset objects reloaded before import = 0
Number of asset objects unloaded after import = 60
========================================================================
Received Import Request.
  Time since last request: 0.000033 seconds.
  path: Assets/Resources/Prefabs/SerafimsShealds.prefab
  artifactKey: Guid(2e210c74629ba4d4194e87f2380ad971) Importer(815301076,1909f56bfc062723c751e8b465ee728b)
Start importing Assets/Resources/Prefabs/SerafimsShealds.prefab using Guid(2e210c74629ba4d4194e87f2380ad971) Importer(815301076,1909f56bfc062723c751e8b465ee728b)  -> (artifact id: '28ebde18dc43366fdd65c2eb9d772a1f') in 0.014939 seconds
Number of updated asset objects reloaded before import = 0
Number of asset objects unloaded after import = 31
========================================================================
Received Import Request.
  Time since last request: 83.892590 seconds.
  path: Assets/Resources/Prefabs/Serafim.prefab
  artifactKey: Guid(3ee1c5d6ed70d0c44bb28453d8d4daed) Importer(815301076,1909f56bfc062723c751e8b465ee728b)
Start importing Assets/Resources/Prefabs/Serafim.prefab using Guid(3ee1c5d6ed70d0c44bb28453d8d4daed) Importer(815301076,1909f56bfc062723c751e8b465ee728b)  -> (artifact id: '2542cf02c3e37101f56fa0be437d0508') in 0.420584 seconds
Number of updated asset objects reloaded before import = 0
Number of asset objects unloaded after import = 135
========================================================================
Received Import Request.
  Time since last request: 0.000053 seconds.
  path: Assets/Resources/Prefabs/SerafimsShealds Variant.prefab
  artifactKey: Guid(cc6c035ed2cd98242b57ba51ddaae78d) Importer(815301076,1909f56bfc062723c751e8b465ee728b)
Start importing Assets/Resources/Prefabs/SerafimsShealds Variant.prefab using Guid(cc6c035ed2cd98242b57ba51ddaae78d) Importer(815301076,1909f56bfc062723c751e8b465ee728b)  -> (artifact id: 'dec4ba87badb8fe4a40b097ee6021c7b') in 0.046786 seconds
Number of updated asset objects reloaded before import = 0
Number of asset objects unloaded after import = 64
========================================================================
Received Import Request.
  Time since last request: 0.000052 seconds.
  path: Assets/Resources/Prefabs/SerafimsShealds.prefab
  artifactKey: Guid(2e210c74629ba4d4194e87f2380ad971) Importer(815301076,1909f56bfc062723c751e8b465ee728b)
Start importing Assets/Resources/Prefabs/SerafimsShealds.prefab using Guid(2e210c74629ba4d4194e87f2380ad971) Importer(815301076,1909f56bfc062723c751e8b465ee728b)  -> (artifact id: 'd47acf42cb1032560e1835189ae8f970') in 0.059379 seconds
Number of updated asset objects reloaded before import = 0
Number of asset objects unloaded after import = 33
========================================================================
Received Import Request.
  Time since last request: 1.723910 seconds.
  path: Assets/Resources/Prefabs/Serafim.prefab
  artifactKey: Guid(3ee1c5d6ed70d0c44bb28453d8d4daed) Importer(815301076,1909f56bfc062723c751e8b465ee728b)
Start importing Assets/Resources/Prefabs/Serafim.prefab using Guid(3ee1c5d6ed70d0c44bb28453d8d4daed) Importer(815301076,1909f56bfc062723c751e8b465ee728b)  -> (artifact id: '3f3581a240127f3247f00703660c26f1') in 0.076650 seconds
Number of updated asset objects reloaded before import = 0
Number of asset objects unloaded after import = 135
========================================================================
Received Import Request.
  Time since last request: 0.000045 seconds.
  path: Assets/Resources/Prefabs/SerafimsShealds Variant.prefab
  artifactKey: Guid(cc6c035ed2cd98242b57ba51ddaae78d) Importer(815301076,1909f56bfc062723c751e8b465ee728b)
Start importing Assets/Resources/Prefabs/SerafimsShealds Variant.prefab using Guid(cc6c035ed2cd98242b57ba51ddaae78d) Importer(815301076,1909f56bfc062723c751e8b465ee728b)  -> (artifact id: 'b10d46eb184fb2fa35fb56d7da6546ff') in 0.026792 seconds
Number of updated asset objects reloaded before import = 0
Number of asset objects unloaded after import = 64
========================================================================
Received Import Request.
  Time since last request: 0.000079 seconds.
  path: Assets/Resources/Prefabs/SerafimsShealds.prefab
  artifactKey: Guid(2e210c74629ba4d4194e87f2380ad971) Importer(815301076,1909f56bfc062723c751e8b465ee728b)
Start importing Assets/Resources/Prefabs/SerafimsShealds.prefab using Guid(2e210c74629ba4d4194e87f2380ad971) Importer(815301076,1909f56bfc062723c751e8b465ee728b)  -> (artifact id: 'b277fd7148670a3e849e0d3c30878f4c') in 0.023315 seconds
Number of updated asset objects reloaded before import = 0
Number of asset objects unloaded after import = 33
========================================================================
Received Import Request.
  Time since last request: 0.995227 seconds.
  path: Assets/Resources/Prefabs/Serafim.prefab
  artifactKey: Guid(3ee1c5d6ed70d0c44bb28453d8d4daed) Importer(815301076,1909f56bfc062723c751e8b465ee728b)
Start importing Assets/Resources/Prefabs/Serafim.prefab using Guid(3ee1c5d6ed70d0c44bb28453d8d4daed) Importer(815301076,1909f56bfc062723c751e8b465ee728b)  -> (artifact id: 'def69d8ecbc38325ed9601cd9b5129a2') in 0.170041 seconds
Number of updated asset objects reloaded before import = 0
Number of asset objects unloaded after import = 162
========================================================================
Received Import Request.
  Time since last request: 0.000045 seconds.
  path: Assets/Resources/Prefabs/SerafimsShealds Variant.prefab
  artifactKey: Guid(cc6c035ed2cd98242b57ba51ddaae78d) Importer(815301076,1909f56bfc062723c751e8b465ee728b)
Start importing Assets/Resources/Prefabs/SerafimsShealds Variant.prefab using Guid(cc6c035ed2cd98242b57ba51ddaae78d) Importer(815301076,1909f56bfc062723c751e8b465ee728b)  -> (artifact id: '73fb78ee6ed01115f92c3ec296ead47d') in 0.028872 seconds
Number of updated asset objects reloaded before import = 0
Number of asset objects unloaded after import = 118
========================================================================
Received Import Request.
  Time since last request: 0.000051 seconds.
  path: Assets/Resources/Prefabs/SerafimsShealds.prefab
  artifactKey: Guid(2e210c74629ba4d4194e87f2380ad971) Importer(815301076,1909f56bfc062723c751e8b465ee728b)
Start importing Assets/Resources/Prefabs/SerafimsShealds.prefab using Guid(2e210c74629ba4d4194e87f2380ad971) Importer(815301076,1909f56bfc062723c751e8b465ee728b)  -> (artifact id: '90d0d089f1b9f0245e80664127754685') in 0.025931 seconds
Number of updated asset objects reloaded before import = 0
Number of asset objects unloaded after import = 60
========================================================================
Received Import Request.
  Time since last request: 2.343693 seconds.
  path: Assets/Resources/Prefabs/Serafim.prefab
  artifactKey: Guid(3ee1c5d6ed70d0c44bb28453d8d4daed) Importer(815301076,1909f56bfc062723c751e8b465ee728b)
Start importing Assets/Resources/Prefabs/Serafim.prefab using Guid(3ee1c5d6ed70d0c44bb28453d8d4daed) Importer(815301076,1909f56bfc062723c751e8b465ee728b)  -> (artifact id: 'edbc73454e68e68c2dd34f0ba298dc9d') in 0.107989 seconds
Number of updated asset objects reloaded before import = 0
Number of asset objects unloaded after import = 160
========================================================================
Received Import Request.
  Time since last request: 0.000043 seconds.
  path: Assets/Resources/Prefabs/SerafimsShealds Variant.prefab
  artifactKey: Guid(cc6c035ed2cd98242b57ba51ddaae78d) Importer(815301076,1909f56bfc062723c751e8b465ee728b)
Start importing Assets/Resources/Prefabs/SerafimsShealds Variant.prefab using Guid(cc6c035ed2cd98242b57ba51ddaae78d) Importer(815301076,1909f56bfc062723c751e8b465ee728b)  -> (artifact id: 'ab9a57149d842ef02eb9b94f41293b3e') in 0.034941 seconds
Number of updated asset objects reloaded before import = 0
Number of asset objects unloaded after import = 114
========================================================================
Received Import Request.
  Time since last request: 0.000054 seconds.
  path: Assets/Resources/Prefabs/SerafimsShealds.prefab
  artifactKey: Guid(2e210c74629ba4d4194e87f2380ad971) Importer(815301076,1909f56bfc062723c751e8b465ee728b)
Start importing Assets/Resources/Prefabs/SerafimsShealds.prefab using Guid(2e210c74629ba4d4194e87f2380ad971) Importer(815301076,1909f56bfc062723c751e8b465ee728b)  -> (artifact id: '256d4975790d2eff43344a4e297e8e93') in 0.025946 seconds
Number of updated asset objects reloaded before import = 0
Number of asset objects unloaded after import = 58
========================================================================
Received Import Request.
  Time since last request: 15.618684 seconds.
  path: Assets/Resources/Prefabs/Serafim.prefab
  artifactKey: Guid(3ee1c5d6ed70d0c44bb28453d8d4daed) Importer(815301076,1909f56bfc062723c751e8b465ee728b)
Start importing Assets/Resources/Prefabs/Serafim.prefab using Guid(3ee1c5d6ed70d0c44bb28453d8d4daed) Importer(815301076,1909f56bfc062723c751e8b465ee728b)  -> (artifact id: '61e51a5338d0a0d1e503e8cf3d1c795b') in 0.153583 seconds
Number of updated asset objects reloaded before import = 0
Number of asset objects unloaded after import = 160
========================================================================
Received Import Request.
  Time since last request: 0.000042 seconds.
  path: Assets/Resources/Prefabs/SerafimsShealds Variant.prefab
  artifactKey: Guid(cc6c035ed2cd98242b57ba51ddaae78d) Importer(815301076,1909f56bfc062723c751e8b465ee728b)
Start importing Assets/Resources/Prefabs/SerafimsShealds Variant.prefab using Guid(cc6c035ed2cd98242b57ba51ddaae78d) Importer(815301076,1909f56bfc062723c751e8b465ee728b)  -> (artifact id: '801b482b551525f163fdc53879c5f703') in 0.030596 seconds
Number of updated asset objects reloaded before import = 0
Number of asset objects unloaded after import = 114
========================================================================
Received Import Request.
  Time since last request: 0.000058 seconds.
  path: Assets/Resources/Prefabs/SerafimsShealds.prefab
  artifactKey: Guid(2e210c74629ba4d4194e87f2380ad971) Importer(815301076,1909f56bfc062723c751e8b465ee728b)
Start importing Assets/Resources/Prefabs/SerafimsShealds.prefab using Guid(2e210c74629ba4d4194e87f2380ad971) Importer(815301076,1909f56bfc062723c751e8b465ee728b)  -> (artifact id: '61c3d86b2bd291fb0fb63290b6f55a5f') in 0.037155 seconds
Number of updated asset objects reloaded before import = 0
Number of asset objects unloaded after import = 58
========================================================================
Received Import Request.
  Time since last request: 1.230170 seconds.
  path: Assets/Resources/Prefabs/Serafim.prefab
  artifactKey: Guid(3ee1c5d6ed70d0c44bb28453d8d4daed) Importer(815301076,1909f56bfc062723c751e8b465ee728b)
Start importing Assets/Resources/Prefabs/Serafim.prefab using Guid(3ee1c5d6ed70d0c44bb28453d8d4daed) Importer(815301076,1909f56bfc062723c751e8b465ee728b)  -> (artifact id: '1db3a764eb4dae484d9b23a6f307f7ef') in 0.090023 seconds
Number of updated asset objects reloaded before import = 0
Number of asset objects unloaded after import = 160
========================================================================
Received Import Request.
  Time since last request: 0.000037 seconds.
  path: Assets/Resources/Prefabs/SerafimsShealds Variant.prefab
  artifactKey: Guid(cc6c035ed2cd98242b57ba51ddaae78d) Importer(815301076,1909f56bfc062723c751e8b465ee728b)
Start importing Assets/Resources/Prefabs/SerafimsShealds Variant.prefab using Guid(cc6c035ed2cd98242b57ba51ddaae78d) Importer(815301076,1909f56bfc062723c751e8b465ee728b)  -> (artifact id: '084289b163fb0351d4e277e0ca45377e') in 0.030250 seconds
Number of updated asset objects reloaded before import = 0
Number of asset objects unloaded after import = 114
========================================================================
Received Import Request.
  Time since last request: 0.000054 seconds.
  path: Assets/Resources/Prefabs/SerafimsShealds.prefab
  artifactKey: Guid(2e210c74629ba4d4194e87f2380ad971) Importer(815301076,1909f56bfc062723c751e8b465ee728b)
Start importing Assets/Resources/Prefabs/SerafimsShealds.prefab using Guid(2e210c74629ba4d4194e87f2380ad971) Importer(815301076,1909f56bfc062723c751e8b465ee728b)  -> (artifact id: 'f09803663517add16be49dd2e173b72a') in 0.028095 seconds
Number of updated asset objects reloaded before import = 0
Number of asset objects unloaded after import = 58
========================================================================
Received Import Request.
  Time since last request: 3.919828 seconds.
  path: Assets/Resources/Prefabs/Serafim.prefab
  artifactKey: Guid(3ee1c5d6ed70d0c44bb28453d8d4daed) Importer(815301076,1909f56bfc062723c751e8b465ee728b)
Start importing Assets/Resources/Prefabs/Serafim.prefab using Guid(3ee1c5d6ed70d0c44bb28453d8d4daed) Importer(815301076,1909f56bfc062723c751e8b465ee728b)  -> (artifact id: '5cfc8f638ca131d670e57e78f5126f5f') in 0.101503 seconds
Number of updated asset objects reloaded before import = 0
Number of asset objects unloaded after import = 160
========================================================================
Received Import Request.
  Time since last request: 0.000033 seconds.
  path: Assets/Resources/Prefabs/SerafimsShealds Variant.prefab
  artifactKey: Guid(cc6c035ed2cd98242b57ba51ddaae78d) Importer(815301076,1909f56bfc062723c751e8b465ee728b)
Start importing Assets/Resources/Prefabs/SerafimsShealds Variant.prefab using Guid(cc6c035ed2cd98242b57ba51ddaae78d) Importer(815301076,1909f56bfc062723c751e8b465ee728b)  -> (artifact id: '9d135903343a0d2832afef4bba42f11f') in 0.029424 seconds
Number of updated asset objects reloaded before import = 0
Number of asset objects unloaded after import = 114
========================================================================
Received Import Request.
  Time since last request: 0.000038 seconds.
  path: Assets/Resources/Prefabs/SerafimsShealds.prefab
  artifactKey: Guid(2e210c74629ba4d4194e87f2380ad971) Importer(815301076,1909f56bfc062723c751e8b465ee728b)
Start importing Assets/Resources/Prefabs/SerafimsShealds.prefab using Guid(2e210c74629ba4d4194e87f2380ad971) Importer(815301076,1909f56bfc062723c751e8b465ee728b)  -> (artifact id: '50097a9f092da1a8328763aa5abd76ab') in 0.025701 seconds
Number of updated asset objects reloaded before import = 0
Number of asset objects unloaded after import = 58
========================================================================
Received Import Request.
  Time since last request: 20.211828 seconds.
  path: Assets/Resources/Prefabs/Serafim.prefab
  artifactKey: Guid(3ee1c5d6ed70d0c44bb28453d8d4daed) Importer(815301076,1909f56bfc062723c751e8b465ee728b)
Start importing Assets/Resources/Prefabs/Serafim.prefab using Guid(3ee1c5d6ed70d0c44bb28453d8d4daed) Importer(815301076,1909f56bfc062723c751e8b465ee728b)  -> (artifact id: '1bb345c965c46fea990bd8846ee7921f') in 0.128767 seconds
Number of updated asset objects reloaded before import = 0
Number of asset objects unloaded after import = 160
========================================================================
Received Import Request.
  Time since last request: 0.000046 seconds.
  path: Assets/Resources/Prefabs/SerafimsShealds Variant.prefab
  artifactKey: Guid(cc6c035ed2cd98242b57ba51ddaae78d) Importer(815301076,1909f56bfc062723c751e8b465ee728b)
Start importing Assets/Resources/Prefabs/SerafimsShealds Variant.prefab using Guid(cc6c035ed2cd98242b57ba51ddaae78d) Importer(815301076,1909f56bfc062723c751e8b465ee728b)  -> (artifact id: '9c2bc5af8f8fa9b055203f0bb3901519') in 0.026158 seconds
Number of updated asset objects reloaded before import = 0
Number of asset objects unloaded after import = 114
========================================================================
Received Import Request.
  Time since last request: 0.000070 seconds.
  path: Assets/Resources/Prefabs/SerafimsShealds.prefab
  artifactKey: Guid(2e210c74629ba4d4194e87f2380ad971) Importer(815301076,1909f56bfc062723c751e8b465ee728b)
Start importing Assets/Resources/Prefabs/SerafimsShealds.prefab using Guid(2e210c74629ba4d4194e87f2380ad971) Importer(815301076,1909f56bfc062723c751e8b465ee728b)  -> (artifact id: '854cfef89aa3e8f023dcf3f7b9569d35') in 0.025433 seconds
Number of updated asset objects reloaded before import = 0
Number of asset objects unloaded after import = 58
========================================================================
Received Import Request.
  Time since last request: 0.451582 seconds.
  path: Assets/Resources/Prefabs/Serafim.prefab
  artifactKey: Guid(3ee1c5d6ed70d0c44bb28453d8d4daed) Importer(815301076,1909f56bfc062723c751e8b465ee728b)
Start importing Assets/Resources/Prefabs/Serafim.prefab using Guid(3ee1c5d6ed70d0c44bb28453d8d4daed) Importer(815301076,1909f56bfc062723c751e8b465ee728b)  -> (artifact id: '8b36a69e818fd971edc1f20892278860') in 0.100227 seconds
Number of updated asset objects reloaded before import = 0
Number of asset objects unloaded after import = 160
========================================================================
Received Import Request.
  Time since last request: 0.000035 seconds.
  path: Assets/Resources/Prefabs/SerafimsShealds Variant.prefab
  artifactKey: Guid(cc6c035ed2cd98242b57ba51ddaae78d) Importer(815301076,1909f56bfc062723c751e8b465ee728b)
Start importing Assets/Resources/Prefabs/SerafimsShealds Variant.prefab using Guid(cc6c035ed2cd98242b57ba51ddaae78d) Importer(815301076,1909f56bfc062723c751e8b465ee728b)  -> (artifact id: '55f8213d82038f613013b48f7bf715a8') in 0.036227 seconds
Number of updated asset objects reloaded before import = 0
Number of asset objects unloaded after import = 114
========================================================================
Received Import Request.
  Time since last request: 0.009826 seconds.
  path: Assets/Resources/Prefabs/SerafimsShealds.prefab
  artifactKey: Guid(2e210c74629ba4d4194e87f2380ad971) Importer(815301076,1909f56bfc062723c751e8b465ee728b)
Start importing Assets/Resources/Prefabs/SerafimsShealds.prefab using Guid(2e210c74629ba4d4194e87f2380ad971) Importer(815301076,1909f56bfc062723c751e8b465ee728b)  -> (artifact id: '69fd807447003e42865e2df3c998010e') in 0.063701 seconds
Number of updated asset objects reloaded before import = 0
Number of asset objects unloaded after import = 58
========================================================================
Received Import Request.
  Time since last request: 2.224052 seconds.
  path: Assets/Resources/Prefabs/Serafim.prefab
  artifactKey: Guid(3ee1c5d6ed70d0c44bb28453d8d4daed) Importer(815301076,1909f56bfc062723c751e8b465ee728b)
Start importing Assets/Resources/Prefabs/Serafim.prefab using Guid(3ee1c5d6ed70d0c44bb28453d8d4daed) Importer(815301076,1909f56bfc062723c751e8b465ee728b)  -> (artifact id: '7ea845b163f18c4c49a6653169aef84c') in 0.068974 seconds
Number of updated asset objects reloaded before import = 0
Number of asset objects unloaded after import = 160
========================================================================
Received Import Request.
  Time since last request: 0.182142 seconds.
  path: Assets/Resources/Prefabs/Serafim.prefab
  artifactKey: Guid(3ee1c5d6ed70d0c44bb28453d8d4daed) Importer(815301076,1909f56bfc062723c751e8b465ee728b)
Start importing Assets/Resources/Prefabs/Serafim.prefab using Guid(3ee1c5d6ed70d0c44bb28453d8d4daed) Importer(815301076,1909f56bfc062723c751e8b465ee728b)  -> (artifact id: 'a523d885a9f8ec426a51e11c908e47b1') in 0.111113 seconds
Number of updated asset objects reloaded before import = 0
Number of asset objects unloaded after import = 160
========================================================================
Received Import Request.
  Time since last request: 0.000060 seconds.
  path: Assets/Resources/Prefabs/SerafimsShealds Variant.prefab
  artifactKey: Guid(cc6c035ed2cd98242b57ba51ddaae78d) Importer(815301076,1909f56bfc062723c751e8b465ee728b)
Start importing Assets/Resources/Prefabs/SerafimsShealds Variant.prefab using Guid(cc6c035ed2cd98242b57ba51ddaae78d) Importer(815301076,1909f56bfc062723c751e8b465ee728b)  -> (artifact id: 'b7893394278b70e78a4765c768a96fdd') in 0.027941 seconds
Number of updated asset objects reloaded before import = 0
Number of asset objects unloaded after import = 114
========================================================================
Received Import Request.
  Time since last request: 0.000068 seconds.
  path: Assets/Resources/Prefabs/SerafimsShealds.prefab
  artifactKey: Guid(2e210c74629ba4d4194e87f2380ad971) Importer(815301076,1909f56bfc062723c751e8b465ee728b)
Start importing Assets/Resources/Prefabs/SerafimsShealds.prefab using Guid(2e210c74629ba4d4194e87f2380ad971) Importer(815301076,1909f56bfc062723c751e8b465ee728b)  -> (artifact id: '141f239cf3824a3a6e3ddb325e591ebd') in 0.031881 seconds
Number of updated asset objects reloaded before import = 0
Number of asset objects unloaded after import = 58
========================================================================
Received Import Request.
  Time since last request: 13.338844 seconds.
  path: Assets/Resources/Prefabs/Serafim.prefab
  artifactKey: Guid(3ee1c5d6ed70d0c44bb28453d8d4daed) Importer(815301076,1909f56bfc062723c751e8b465ee728b)
Start importing Assets/Resources/Prefabs/Serafim.prefab using Guid(3ee1c5d6ed70d0c44bb28453d8d4daed) Importer(815301076,1909f56bfc062723c751e8b465ee728b)  -> (artifact id: '2fea15f46573ab5a3abc002c49fe83c2') in 0.080837 seconds
Number of updated asset objects reloaded before import = 0
Number of asset objects unloaded after import = 160
========================================================================
Received Import Request.
  Time since last request: 0.000051 seconds.
  path: Assets/Resources/Prefabs/SerafimsShealds Variant.prefab
  artifactKey: Guid(cc6c035ed2cd98242b57ba51ddaae78d) Importer(815301076,1909f56bfc062723c751e8b465ee728b)
Start importing Assets/Resources/Prefabs/SerafimsShealds Variant.prefab using Guid(cc6c035ed2cd98242b57ba51ddaae78d) Importer(815301076,1909f56bfc062723c751e8b465ee728b)  -> (artifact id: '2e0d1977e7f11a9036a8698b512c7481') in 0.030475 seconds
Number of updated asset objects reloaded before import = 0
Number of asset objects unloaded after import = 114
========================================================================
Received Import Request.
  Time since last request: 0.000055 seconds.
  path: Assets/Resources/Prefabs/SerafimsShealds.prefab
  artifactKey: Guid(2e210c74629ba4d4194e87f2380ad971) Importer(815301076,1909f56bfc062723c751e8b465ee728b)
Start importing Assets/Resources/Prefabs/SerafimsShealds.prefab using Guid(2e210c74629ba4d4194e87f2380ad971) Importer(815301076,1909f56bfc062723c751e8b465ee728b)  -> (artifact id: 'a8acae135f87f77ca745f39653b6a5ad') in 0.024556 seconds
Number of updated asset objects reloaded before import = 0
Number of asset objects unloaded after import = 58
========================================================================
Received Import Request.
  Time since last request: 8.332219 seconds.
  path: Assets/Resources/Prefabs/Serafim.prefab
  artifactKey: Guid(3ee1c5d6ed70d0c44bb28453d8d4daed) Importer(815301076,1909f56bfc062723c751e8b465ee728b)
Start importing Assets/Resources/Prefabs/Serafim.prefab using Guid(3ee1c5d6ed70d0c44bb28453d8d4daed) Importer(815301076,1909f56bfc062723c751e8b465ee728b)  -> (artifact id: 'c054d5c37cf853c602595d48274661c9') in 0.136662 seconds
Number of updated asset objects reloaded before import = 0
Number of asset objects unloaded after import = 160
========================================================================
Received Import Request.
  Time since last request: 0.000036 seconds.
  path: Assets/Resources/Prefabs/SerafimsShealds Variant.prefab
  artifactKey: Guid(cc6c035ed2cd98242b57ba51ddaae78d) Importer(815301076,1909f56bfc062723c751e8b465ee728b)
Start importing Assets/Resources/Prefabs/SerafimsShealds Variant.prefab using Guid(cc6c035ed2cd98242b57ba51ddaae78d) Importer(815301076,1909f56bfc062723c751e8b465ee728b)  -> (artifact id: 'd39cdd86cf5a9d02372e063e538f34d5') in 0.027083 seconds
Number of updated asset objects reloaded before import = 0
Number of asset objects unloaded after import = 114
========================================================================
Received Import Request.
  Time since last request: 0.000039 seconds.
  path: Assets/Resources/Prefabs/SerafimsShealds.prefab
  artifactKey: Guid(2e210c74629ba4d4194e87f2380ad971) Importer(815301076,1909f56bfc062723c751e8b465ee728b)
Start importing Assets/Resources/Prefabs/SerafimsShealds.prefab using Guid(2e210c74629ba4d4194e87f2380ad971) Importer(815301076,1909f56bfc062723c751e8b465ee728b)  -> (artifact id: '3b5af3f15557f2b36b60cb102978f16b') in 0.022571 seconds
Number of updated asset objects reloaded before import = 0
Number of asset objects unloaded after import = 58
========================================================================
Received Import Request.
  Time since last request: 0.230728 seconds.
  path: Assets/Resources/Prefabs/Serafim.prefab
  artifactKey: Guid(3ee1c5d6ed70d0c44bb28453d8d4daed) Importer(815301076,1909f56bfc062723c751e8b465ee728b)
Start importing Assets/Resources/Prefabs/Serafim.prefab using Guid(3ee1c5d6ed70d0c44bb28453d8d4daed) Importer(815301076,1909f56bfc062723c751e8b465ee728b)  -> (artifact id: '67e0ab68a026e49d0c8d26a0738dc3d1') in 0.075158 seconds
Number of updated asset objects reloaded before import = 0
Number of asset objects unloaded after import = 160
========================================================================
Received Import Request.
  Time since last request: 0.000034 seconds.
  path: Assets/Resources/Prefabs/SerafimsShealds Variant.prefab
  artifactKey: Guid(cc6c035ed2cd98242b57ba51ddaae78d) Importer(815301076,1909f56bfc062723c751e8b465ee728b)
Start importing Assets/Resources/Prefabs/SerafimsShealds Variant.prefab using Guid(cc6c035ed2cd98242b57ba51ddaae78d) Importer(815301076,1909f56bfc062723c751e8b465ee728b)  -> (artifact id: 'd81c78aa3bef9b2f9a35346acd8134a8') in 0.026202 seconds
Number of updated asset objects reloaded before import = 0
Number of asset objects unloaded after import = 114
========================================================================
Received Import Request.
  Time since last request: 0.000032 seconds.
  path: Assets/Resources/Prefabs/SerafimsShealds.prefab
  artifactKey: Guid(2e210c74629ba4d4194e87f2380ad971) Importer(815301076,1909f56bfc062723c751e8b465ee728b)
Start importing Assets/Resources/Prefabs/SerafimsShealds.prefab using Guid(2e210c74629ba4d4194e87f2380ad971) Importer(815301076,1909f56bfc062723c751e8b465ee728b)  -> (artifact id: 'eb1f1a5bfb3491c6d3e5c1a93bb0f63f') in 0.025802 seconds
Number of updated asset objects reloaded before import = 0
Number of asset objects unloaded after import = 58
========================================================================
Received Import Request.
  Time since last request: 0.727387 seconds.
  path: Assets/Resources/Prefabs/Serafim.prefab
  artifactKey: Guid(3ee1c5d6ed70d0c44bb28453d8d4daed) Importer(815301076,1909f56bfc062723c751e8b465ee728b)
Start importing Assets/Resources/Prefabs/Serafim.prefab using Guid(3ee1c5d6ed70d0c44bb28453d8d4daed) Importer(815301076,1909f56bfc062723c751e8b465ee728b)  -> (artifact id: '6bf11fcb68ce741f1a01a2468ff4955d') in 0.122808 seconds
Number of updated asset objects reloaded before import = 0
Number of asset objects unloaded after import = 160
========================================================================
Received Import Request.
  Time since last request: 0.000034 seconds.
  path: Assets/Resources/Prefabs/SerafimsShealds Variant.prefab
  artifactKey: Guid(cc6c035ed2cd98242b57ba51ddaae78d) Importer(815301076,1909f56bfc062723c751e8b465ee728b)
Start importing Assets/Resources/Prefabs/SerafimsShealds Variant.prefab using Guid(cc6c035ed2cd98242b57ba51ddaae78d) Importer(815301076,1909f56bfc062723c751e8b465ee728b)  -> (artifact id: 'e4bb222a6c79fc026c72b173a04165af') in 0.026997 seconds
Number of updated asset objects reloaded before import = 0
Number of asset objects unloaded after import = 114
========================================================================
Received Import Request.
  Time since last request: 0.000050 seconds.
  path: Assets/Resources/Prefabs/SerafimsShealds.prefab
  artifactKey: Guid(2e210c74629ba4d4194e87f2380ad971) Importer(815301076,1909f56bfc062723c751e8b465ee728b)
Start importing Assets/Resources/Prefabs/SerafimsShealds.prefab using Guid(2e210c74629ba4d4194e87f2380ad971) Importer(815301076,1909f56bfc062723c751e8b465ee728b)  -> (artifact id: 'e60a679d05166490faf6a92d08b7c484') in 0.037270 seconds
Number of updated asset objects reloaded before import = 0
Number of asset objects unloaded after import = 58
========================================================================
Received Import Request.
  Time since last request: 15.000741 seconds.
  path: Assets/Resources/Prefabs/Serafim.prefab
  artifactKey: Guid(3ee1c5d6ed70d0c44bb28453d8d4daed) Importer(815301076,1909f56bfc062723c751e8b465ee728b)
Start importing Assets/Resources/Prefabs/Serafim.prefab using Guid(3ee1c5d6ed70d0c44bb28453d8d4daed) Importer(815301076,1909f56bfc062723c751e8b465ee728b)  -> (artifact id: '2d47161b586192b78bb046b14c6afc3a') in 0.075355 seconds
Number of updated asset objects reloaded before import = 0
Number of asset objects unloaded after import = 160
========================================================================
Received Import Request.
  Time since last request: 0.000037 seconds.
  path: Assets/Resources/Prefabs/SerafimsShealds Variant.prefab
  artifactKey: Guid(cc6c035ed2cd98242b57ba51ddaae78d) Importer(815301076,1909f56bfc062723c751e8b465ee728b)
Start importing Assets/Resources/Prefabs/SerafimsShealds Variant.prefab using Guid(cc6c035ed2cd98242b57ba51ddaae78d) Importer(815301076,1909f56bfc062723c751e8b465ee728b)  -> (artifact id: 'b9b214d29f56359fd6ea60f663e84605') in 0.028929 seconds
Number of updated asset objects reloaded before import = 0
Number of asset objects unloaded after import = 114
========================================================================
Received Import Request.
  Time since last request: 0.000027 seconds.
  path: Assets/Resources/Prefabs/SerafimsShealds.prefab
  artifactKey: Guid(2e210c74629ba4d4194e87f2380ad971) Importer(815301076,1909f56bfc062723c751e8b465ee728b)
Start importing Assets/Resources/Prefabs/SerafimsShealds.prefab using Guid(2e210c74629ba4d4194e87f2380ad971) Importer(815301076,1909f56bfc062723c751e8b465ee728b)  -> (artifact id: '6b40e6b8a02c2ecd5200517a75de6769') in 0.025438 seconds
Number of updated asset objects reloaded before import = 0
Number of asset objects unloaded after import = 58
========================================================================
Received Import Request.
  Time since last request: 2.121469 seconds.
  path: Assets/Resources/Prefabs/Serafim.prefab
  artifactKey: Guid(3ee1c5d6ed70d0c44bb28453d8d4daed) Importer(815301076,1909f56bfc062723c751e8b465ee728b)
Start importing Assets/Resources/Prefabs/Serafim.prefab using Guid(3ee1c5d6ed70d0c44bb28453d8d4daed) Importer(815301076,1909f56bfc062723c751e8b465ee728b)  -> (artifact id: '959a70f9fdd28482320b23edab8c588c') in 0.210605 seconds
Number of updated asset objects reloaded before import = 0
Number of asset objects unloaded after import = 160
========================================================================
Received Import Request.
  Time since last request: 0.000041 seconds.
  path: Assets/Resources/Prefabs/SerafimsShealds Variant.prefab
  artifactKey: Guid(cc6c035ed2cd98242b57ba51ddaae78d) Importer(815301076,1909f56bfc062723c751e8b465ee728b)
Start importing Assets/Resources/Prefabs/SerafimsShealds Variant.prefab using Guid(cc6c035ed2cd98242b57ba51ddaae78d) Importer(815301076,1909f56bfc062723c751e8b465ee728b)  -> (artifact id: '66bcb3446000e402436d307facccb19f') in 0.027591 seconds
Number of updated asset objects reloaded before import = 0
Number of asset objects unloaded after import = 114
========================================================================
Received Import Request.
  Time since last request: 0.000046 seconds.
  path: Assets/Resources/Prefabs/SerafimsShealds.prefab
  artifactKey: Guid(2e210c74629ba4d4194e87f2380ad971) Importer(815301076,1909f56bfc062723c751e8b465ee728b)
Start importing Assets/Resources/Prefabs/SerafimsShealds.prefab using Guid(2e210c74629ba4d4194e87f2380ad971) Importer(815301076,1909f56bfc062723c751e8b465ee728b)  -> (artifact id: '2da365222fb4b8d31ce433d58f9d7c8c') in 0.024833 seconds
Number of updated asset objects reloaded before import = 0
Number of asset objects unloaded after import = 58
========================================================================
Received Prepare
Begin MonoManager ReloadAssembly
- Loaded All Assemblies, in  1.683 seconds
Refreshing native plugins compatible for Editor in 16.66 ms, found 4 plugins.
Native extension for WindowsStandalone target not found
Native extension for Android target not found
Native extension for WebGL target not found
[Package Manager] Server::EnsureServerProcessIsRunning -- launch failed, reason: Unity was launched with the -noUpm command-line argument
[Package Manager] UpmClient::Send -- Unable to send message (not connected to UPM process).
[Package Manager] Cannot connect to Unity Package Manager local server
Mono: successfully reloaded assembly
- Finished resetting the current domain, in  3.876 seconds
Domain Reload Profiling: 5547ms
	BeginReloadAssembly (577ms)
		ExecutionOrderSort (0ms)
		DisableScriptedObjects (36ms)
		BackupInstance (0ms)
		ReleaseScriptingObjects (0ms)
		CreateAndSetChildDomain (122ms)
	RebuildCommonClasses (238ms)
	RebuildNativeTypeToScriptingClass (45ms)
	initialDomainReloadingComplete (91ms)
	LoadAllAssembliesAndSetupDomain (717ms)
		LoadAssemblies (1026ms)
		RebuildTransferFunctionScriptingTraits (0ms)
		AnalyzeDomain (34ms)
			TypeCache.Refresh (11ms)
				TypeCache.ScanAssembly (0ms)
			ScanForSourceGeneratedMonoScriptInfo (0ms)
			ResolveRequiredComponents (21ms)
	FinalizeReload (3878ms)
		ReleaseScriptCaches (0ms)
		RebuildScriptCaches (0ms)
		SetupLoadedEditorAssemblies (2050ms)
			LogAssemblyErrors (0ms)
			InitializePlatformSupportModulesInManaged (69ms)
			SetLoadedEditorAssemblies (7ms)
			RefreshPlugins (0ms)
			BeforeProcessingInitializeOnLoad (185ms)
			ProcessInitializeOnLoadAttributes (1636ms)
			ProcessInitializeOnLoadMethodAttributes (122ms)
			AfterProcessingInitializeOnLoad (31ms)
			EditorAssembliesLoaded (1ms)
		ExecutionOrderSort2 (0ms)
		AwakeInstancesAfterBackupRestoration (51ms)
Refreshing native plugins compatible for Editor in 32.93 ms, found 4 plugins.
Preloading 0 native plugins for Editor in 0.00 ms.
Unloading 4438 Unused Serialized files (Serialized files now loaded: 0)
Unloading 68 unused Assets / (471.6 KB). Loaded Objects now: 4970.
Memory consumption went from 165.7 MB to 165.2 MB.
Total: 11.440500 ms (FindLiveObjects: 0.553100 ms CreateObjectMapping: 0.585900 ms MarkObjects: 9.376100 ms  DeleteObjects: 0.923700 ms)

Prepare: number of updated asset objects reloaded= 0
AssetImportParameters requested are different than current active one (requested -> active):
  custom:container-demuxer-ogg: 62fdf1f143b41e24485cea50d1cbac27 -> 
  custom:scripting/monoscript/fileName/Serafim_Idle.cs: 4e0b726384d8590811c64bc64234f048 -> 982b3a7f8c870c050839e282eb2ead64
  custom:video-decoder-ogg-theora: a1e56fd34408186e4bbccfd4996cb3dc -> 
  custom:framework-win-MediaFoundation: 216162199b28c13a410421893ffa2e32 -> 
  custom:CustomObjectIndexerAttribute: 6d391050e5a25f67b0a2c618074f2cd9 -> 
  custom:container-demuxer-webm: 4f35f7cbe854078d1ac9338744f61a02 -> 
  custom:container-muxer-webm: aa71ff27fc2769a1b78a27578f13a17b -> 
  custom:video-decoder-webm-vp8: 9c59270c3fd7afecdb556c50c9e8de78 -> 
  custom:SearchIndexIgnoredProperties: e643bd26f0fe6173181afceb89e7c659 -> 
  custom:AudioImporter_EditorPlatform: d09bf68614088b80899f8185d706f6e7 -> 
  custom:scripting/monoscript/fileName/CameraFollowTwoObjects.cs: 4b47a90d1d620c09892ae8f71e6d52ce -> 
  custom:video-encoder-webm-vp8: eb34c28f22e8b96e1ab97ce403110664 -> 
  custom:audio-decoder-ogg-vorbis: bf7c407c2cedff20999df2af8eb42d56 -> 
  custom:audio-encoder-webm-vorbis: bf7c407c2cedff20999df2af8eb42d56 -> 
========================================================================
Received Import Request.
  Time since last request: 79.064115 seconds.
  path: Assets/Resources/Prefabs/Serafim.prefab
  artifactKey: Guid(3ee1c5d6ed70d0c44bb28453d8d4daed) Importer(815301076,1909f56bfc062723c751e8b465ee728b)
Start importing Assets/Resources/Prefabs/Serafim.prefab using Guid(3ee1c5d6ed70d0c44bb28453d8d4daed) Importer(815301076,1909f56bfc062723c751e8b465ee728b)  -> (artifact id: 'adca0663cc9969a1caa906130d35f989') in 0.550866 seconds
Number of updated asset objects reloaded before import = 0
Number of asset objects unloaded after import = 160
========================================================================
Received Import Request.
  Time since last request: 0.000181 seconds.
  path: Assets/Resources/Prefabs/SerafimsShealds Variant.prefab
  artifactKey: Guid(cc6c035ed2cd98242b57ba51ddaae78d) Importer(815301076,1909f56bfc062723c751e8b465ee728b)
Start importing Assets/Resources/Prefabs/SerafimsShealds Variant.prefab using Guid(cc6c035ed2cd98242b57ba51ddaae78d) Importer(815301076,1909f56bfc062723c751e8b465ee728b)  -> (artifact id: 'bf99fab77350dab65d6f287b08e1387c') in 0.041697 seconds
Number of updated asset objects reloaded before import = 0
Number of asset objects unloaded after import = 114
========================================================================
Received Import Request.
  Time since last request: 0.000056 seconds.
  path: Assets/Resources/Prefabs/SerafimsShealds.prefab
  artifactKey: Guid(2e210c74629ba4d4194e87f2380ad971) Importer(815301076,1909f56bfc062723c751e8b465ee728b)
Start importing Assets/Resources/Prefabs/SerafimsShealds.prefab using Guid(2e210c74629ba4d4194e87f2380ad971) Importer(815301076,1909f56bfc062723c751e8b465ee728b)  -> (artifact id: 'a7d8b63b98baedbd44fc418687ae9343') in 0.037204 seconds
Number of updated asset objects reloaded before import = 0
Number of asset objects unloaded after import = 58
========================================================================
Received Import Request.
  Time since last request: 1.658300 seconds.
  path: Assets/Resources/Prefabs/Serafim.prefab
  artifactKey: Guid(3ee1c5d6ed70d0c44bb28453d8d4daed) Importer(815301076,1909f56bfc062723c751e8b465ee728b)
Start importing Assets/Resources/Prefabs/Serafim.prefab using Guid(3ee1c5d6ed70d0c44bb28453d8d4daed) Importer(815301076,1909f56bfc062723c751e8b465ee728b)  -> (artifact id: 'c9ee80b431090c7f4bdad3b9e60dfc7f') in 0.139884 seconds
Number of updated asset objects reloaded before import = 0
Number of asset objects unloaded after import = 160
========================================================================
Received Import Request.
  Time since last request: 0.000045 seconds.
  path: Assets/Resources/Prefabs/SerafimsShealds Variant.prefab
  artifactKey: Guid(cc6c035ed2cd98242b57ba51ddaae78d) Importer(815301076,1909f56bfc062723c751e8b465ee728b)
Start importing Assets/Resources/Prefabs/SerafimsShealds Variant.prefab using Guid(cc6c035ed2cd98242b57ba51ddaae78d) Importer(815301076,1909f56bfc062723c751e8b465ee728b)  -> (artifact id: '420bba155d8b5a7e95a255057896f0d8') in 0.047115 seconds
Number of updated asset objects reloaded before import = 0
Number of asset objects unloaded after import = 114
========================================================================
Received Import Request.
  Time since last request: 0.000040 seconds.
  path: Assets/Resources/Prefabs/SerafimsShealds.prefab
  artifactKey: Guid(2e210c74629ba4d4194e87f2380ad971) Importer(815301076,1909f56bfc062723c751e8b465ee728b)
Start importing Assets/Resources/Prefabs/SerafimsShealds.prefab using Guid(2e210c74629ba4d4194e87f2380ad971) Importer(815301076,1909f56bfc062723c751e8b465ee728b)  -> (artifact id: '4dfab75b263e4ccbfebd8ae99a5fe403') in 0.023470 seconds
Number of updated asset objects reloaded before import = 0
Number of asset objects unloaded after import = 58
========================================================================
Received Prepare
Begin MonoManager ReloadAssembly
- Loaded All Assemblies, in  1.891 seconds
Refreshing native plugins compatible for Editor in 21.03 ms, found 4 plugins.
Native extension for WindowsStandalone target not found
Native extension for Android target not found
Native extension for WebGL target not found
[Package Manager] Server::EnsureServerProcessIsRunning -- launch failed, reason: Unity was launched with the -noUpm command-line argument
[Package Manager] UpmClient::Send -- Unable to send message (not connected to UPM process).
[Package Manager] Cannot connect to Unity Package Manager local server
Mono: successfully reloaded assembly
- Finished resetting the current domain, in  5.007 seconds
Domain Reload Profiling: 6888ms
	BeginReloadAssembly (597ms)
		ExecutionOrderSort (0ms)
		DisableScriptedObjects (31ms)
		BackupInstance (0ms)
		ReleaseScriptingObjects (0ms)
		CreateAndSetChildDomain (115ms)
	RebuildCommonClasses (130ms)
	RebuildNativeTypeToScriptingClass (52ms)
	initialDomainReloadingComplete (117ms)
	LoadAllAssembliesAndSetupDomain (983ms)
		LoadAssemblies (1226ms)
		RebuildTransferFunctionScriptingTraits (0ms)
		AnalyzeDomain (134ms)
			TypeCache.Refresh (24ms)
				TypeCache.ScanAssembly (4ms)
			ScanForSourceGeneratedMonoScriptInfo (59ms)
			ResolveRequiredComponents (48ms)
	FinalizeReload (5009ms)
		ReleaseScriptCaches (0ms)
		RebuildScriptCaches (0ms)
		SetupLoadedEditorAssemblies (2551ms)
			LogAssemblyErrors (0ms)
			InitializePlatformSupportModulesInManaged (89ms)
			SetLoadedEditorAssemblies (7ms)
			RefreshPlugins (0ms)
			BeforeProcessingInitializeOnLoad (237ms)
			ProcessInitializeOnLoadAttributes (2090ms)
			ProcessInitializeOnLoadMethodAttributes (101ms)
			AfterProcessingInitializeOnLoad (25ms)
			EditorAssembliesLoaded (1ms)
		ExecutionOrderSort2 (0ms)
		AwakeInstancesAfterBackupRestoration (51ms)
Refreshing native plugins compatible for Editor in 41.40 ms, found 4 plugins.
Preloading 0 native plugins for Editor in 0.00 ms.
Unloading 4438 Unused Serialized files (Serialized files now loaded: 0)
Unloading 68 unused Assets / (471.7 KB). Loaded Objects now: 4986.
Memory consumption went from 167.6 MB to 167.2 MB.
Total: 14.828500 ms (FindLiveObjects: 0.596200 ms CreateObjectMapping: 0.524600 ms MarkObjects: 12.392100 ms  DeleteObjects: 1.312900 ms)

Prepare: number of updated asset objects reloaded= 0
AssetImportParameters requested are different than current active one (requested -> active):
  custom:container-demuxer-ogg: 62fdf1f143b41e24485cea50d1cbac27 -> 
  custom:scripting/monoscript/fileName/Serafim_Idle.cs: 4e0b726384d8590811c64bc64234f048 -> 982b3a7f8c870c050839e282eb2ead64
  custom:video-decoder-ogg-theora: a1e56fd34408186e4bbccfd4996cb3dc -> 
  custom:framework-win-MediaFoundation: 216162199b28c13a410421893ffa2e32 -> 
  custom:CustomObjectIndexerAttribute: 6d391050e5a25f67b0a2c618074f2cd9 -> 
  custom:container-demuxer-webm: 4f35f7cbe854078d1ac9338744f61a02 -> 
  custom:container-muxer-webm: aa71ff27fc2769a1b78a27578f13a17b -> 
  custom:video-decoder-webm-vp8: 9c59270c3fd7afecdb556c50c9e8de78 -> 
  custom:SearchIndexIgnoredProperties: e643bd26f0fe6173181afceb89e7c659 -> 
  custom:AudioImporter_EditorPlatform: d09bf68614088b80899f8185d706f6e7 -> 
  custom:scripting/monoscript/fileName/CameraFollowTwoObjects.cs: 4b47a90d1d620c09892ae8f71e6d52ce -> 
  custom:video-encoder-webm-vp8: eb34c28f22e8b96e1ab97ce403110664 -> 
  custom:audio-decoder-ogg-vorbis: bf7c407c2cedff20999df2af8eb42d56 -> 
  custom:audio-encoder-webm-vorbis: bf7c407c2cedff20999df2af8eb42d56 -> 
========================================================================
Received Import Request.
  Time since last request: 174.858859 seconds.
  path: Assets/Resources/Prefabs/Serafim.prefab
  artifactKey: Guid(3ee1c5d6ed70d0c44bb28453d8d4daed) Importer(815301076,1909f56bfc062723c751e8b465ee728b)
Start importing Assets/Resources/Prefabs/Serafim.prefab using Guid(3ee1c5d6ed70d0c44bb28453d8d4daed) Importer(815301076,1909f56bfc062723c751e8b465ee728b)  -> (artifact id: '7e8536e17bbd37253c36ba4ca73c8247') in 0.461815 seconds
Number of updated asset objects reloaded before import = 0
Number of asset objects unloaded after import = 160
========================================================================
Received Import Request.
  Time since last request: 0.000046 seconds.
  path: Assets/Resources/Prefabs/SerafimsShealds Variant.prefab
  artifactKey: Guid(cc6c035ed2cd98242b57ba51ddaae78d) Importer(815301076,1909f56bfc062723c751e8b465ee728b)
Start importing Assets/Resources/Prefabs/SerafimsShealds Variant.prefab using Guid(cc6c035ed2cd98242b57ba51ddaae78d) Importer(815301076,1909f56bfc062723c751e8b465ee728b)  -> (artifact id: 'd8efb2160d6b780421bcb0c8155304e6') in 0.126741 seconds
Number of updated asset objects reloaded before import = 0
Number of asset objects unloaded after import = 114
========================================================================
Received Import Request.
  Time since last request: 0.000049 seconds.
  path: Assets/Resources/Prefabs/SerafimsShealds.prefab
  artifactKey: Guid(2e210c74629ba4d4194e87f2380ad971) Importer(815301076,1909f56bfc062723c751e8b465ee728b)
Start importing Assets/Resources/Prefabs/SerafimsShealds.prefab using Guid(2e210c74629ba4d4194e87f2380ad971) Importer(815301076,1909f56bfc062723c751e8b465ee728b)  -> (artifact id: '4bba5d2e6e8e0d38cda426c5ad2eab00') in 0.162950 seconds
Number of updated asset objects reloaded before import = 0
Number of asset objects unloaded after import = 58
========================================================================
Received Prepare
Begin MonoManager ReloadAssembly
- Loaded All Assemblies, in  1.540 seconds
Refreshing native plugins compatible for Editor in 20.51 ms, found 4 plugins.
Native extension for WindowsStandalone target not found
Native extension for Android target not found
Native extension for WebGL target not found
[Package Manager] Server::EnsureServerProcessIsRunning -- launch failed, reason: Unity was launched with the -noUpm command-line argument
[Package Manager] UpmClient::Send -- Unable to send message (not connected to UPM process).
[Package Manager] Cannot connect to Unity Package Manager local server
Mono: successfully reloaded assembly
- Finished resetting the current domain, in  5.083 seconds
Domain Reload Profiling: 6610ms
	BeginReloadAssembly (548ms)
		ExecutionOrderSort (0ms)
		DisableScriptedObjects (40ms)
		BackupInstance (0ms)
		ReleaseScriptingObjects (0ms)
		CreateAndSetChildDomain (119ms)
	RebuildCommonClasses (124ms)
	RebuildNativeTypeToScriptingClass (78ms)
	initialDomainReloadingComplete (113ms)
	LoadAllAssembliesAndSetupDomain (662ms)
		LoadAssemblies (940ms)
		RebuildTransferFunctionScriptingTraits (0ms)
		AnalyzeDomain (38ms)
			TypeCache.Refresh (11ms)
				TypeCache.ScanAssembly (0ms)
			ScanForSourceGeneratedMonoScriptInfo (0ms)
			ResolveRequiredComponents (25ms)
	FinalizeReload (5084ms)
		ReleaseScriptCaches (0ms)
		RebuildScriptCaches (0ms)
		SetupLoadedEditorAssemblies (2989ms)
			LogAssemblyErrors (0ms)
			InitializePlatformSupportModulesInManaged (72ms)
			SetLoadedEditorAssemblies (7ms)
			RefreshPlugins (0ms)
			BeforeProcessingInitializeOnLoad (170ms)
			ProcessInitializeOnLoadAttributes (2221ms)
			ProcessInitializeOnLoadMethodAttributes (460ms)
			AfterProcessingInitializeOnLoad (56ms)
			EditorAssembliesLoaded (2ms)
		ExecutionOrderSort2 (0ms)
		AwakeInstancesAfterBackupRestoration (117ms)
Refreshing native plugins compatible for Editor in 59.86 ms, found 4 plugins.
Preloading 0 native plugins for Editor in 0.00 ms.
Unloading 4438 Unused Serialized files (Serialized files now loaded: 0)
Unloading 68 unused Assets / (470.6 KB). Loaded Objects now: 5002.
Memory consumption went from 169.6 MB to 169.2 MB.
Total: 25.358400 ms (FindLiveObjects: 2.474500 ms CreateObjectMapping: 5.821400 ms MarkObjects: 15.303100 ms  DeleteObjects: 1.754600 ms)

Prepare: number of updated asset objects reloaded= 0
AssetImportParameters requested are different than current active one (requested -> active):
  custom:container-demuxer-ogg: 62fdf1f143b41e24485cea50d1cbac27 -> 
  custom:scripting/monoscript/fileName/Serafim_Idle.cs: 4e0b726384d8590811c64bc64234f048 -> 982b3a7f8c870c050839e282eb2ead64
  custom:video-decoder-ogg-theora: a1e56fd34408186e4bbccfd4996cb3dc -> 
  custom:framework-win-MediaFoundation: 216162199b28c13a410421893ffa2e32 -> 
  custom:CustomObjectIndexerAttribute: 6d391050e5a25f67b0a2c618074f2cd9 -> 
  custom:container-demuxer-webm: 4f35f7cbe854078d1ac9338744f61a02 -> 
  custom:container-muxer-webm: aa71ff27fc2769a1b78a27578f13a17b -> 
  custom:video-decoder-webm-vp8: 9c59270c3fd7afecdb556c50c9e8de78 -> 
  custom:SearchIndexIgnoredProperties: e643bd26f0fe6173181afceb89e7c659 -> 
  custom:AudioImporter_EditorPlatform: d09bf68614088b80899f8185d706f6e7 -> 
  custom:scripting/monoscript/fileName/CameraFollowTwoObjects.cs: 4b47a90d1d620c09892ae8f71e6d52ce -> 
  custom:video-encoder-webm-vp8: eb34c28f22e8b96e1ab97ce403110664 -> 
  custom:audio-decoder-ogg-vorbis: bf7c407c2cedff20999df2af8eb42d56 -> 
  custom:audio-encoder-webm-vorbis: bf7c407c2cedff20999df2af8eb42d56 -> 
========================================================================
Received Prepare
Begin MonoManager ReloadAssembly
- Loaded All Assemblies, in  2.186 seconds
Refreshing native plugins compatible for Editor in 22.36 ms, found 4 plugins.
Native extension for WindowsStandalone target not found
Native extension for Android target not found
Native extension for WebGL target not found
[Package Manager] Server::EnsureServerProcessIsRunning -- launch failed, reason: Unity was launched with the -noUpm command-line argument
[Package Manager] UpmClient::Send -- Unable to send message (not connected to UPM process).
[Package Manager] Cannot connect to Unity Package Manager local server
Mono: successfully reloaded assembly
- Finished resetting the current domain, in  4.546 seconds
Domain Reload Profiling: 6711ms
	BeginReloadAssembly (612ms)
		ExecutionOrderSort (0ms)
		DisableScriptedObjects (41ms)
		BackupInstance (0ms)
		ReleaseScriptingObjects (0ms)
		CreateAndSetChildDomain (161ms)
	RebuildCommonClasses (193ms)
	RebuildNativeTypeToScriptingClass (60ms)
	initialDomainReloadingComplete (135ms)
	LoadAllAssembliesAndSetupDomain (1165ms)
		LoadAssemblies (1353ms)
		RebuildTransferFunctionScriptingTraits (0ms)
		AnalyzeDomain (146ms)
			TypeCache.Refresh (46ms)
				TypeCache.ScanAssembly (18ms)
			ScanForSourceGeneratedMonoScriptInfo (43ms)
			ResolveRequiredComponents (54ms)
	FinalizeReload (4547ms)
		ReleaseScriptCaches (0ms)
		RebuildScriptCaches (0ms)
		SetupLoadedEditorAssemblies (1732ms)
			LogAssemblyErrors (0ms)
			InitializePlatformSupportModulesInManaged (98ms)
			SetLoadedEditorAssemblies (15ms)
			RefreshPlugins (0ms)
			BeforeProcessingInitializeOnLoad (317ms)
			ProcessInitializeOnLoadAttributes (1220ms)
			ProcessInitializeOnLoadMethodAttributes (64ms)
			AfterProcessingInitializeOnLoad (19ms)
			EditorAssembliesLoaded (1ms)
		ExecutionOrderSort2 (0ms)
		AwakeInstancesAfterBackupRestoration (28ms)
Refreshing native plugins compatible for Editor in 14.55 ms, found 4 plugins.
Preloading 0 native plugins for Editor in 0.00 ms.
Unloading 4439 Unused Serialized files (Serialized files now loaded: 0)
Unloading 65 unused Assets / (470.0 KB). Loaded Objects now: 5018.
Memory consumption went from 171.8 MB to 171.3 MB.
Total: 9.567500 ms (FindLiveObjects: 0.662600 ms CreateObjectMapping: 0.581300 ms MarkObjects: 6.446600 ms  DeleteObjects: 1.875300 ms)

Prepare: number of updated asset objects reloaded= 0
AssetImportParameters requested are different than current active one (requested -> active):
  custom:container-demuxer-ogg: 62fdf1f143b41e24485cea50d1cbac27 -> 
  custom:scripting/monoscript/fileName/Serafim_Idle.cs: 4e0b726384d8590811c64bc64234f048 -> 982b3a7f8c870c050839e282eb2ead64
  custom:video-decoder-ogg-theora: a1e56fd34408186e4bbccfd4996cb3dc -> 
  custom:framework-win-MediaFoundation: 216162199b28c13a410421893ffa2e32 -> 
  custom:CustomObjectIndexerAttribute: 6d391050e5a25f67b0a2c618074f2cd9 -> 
  custom:container-demuxer-webm: 4f35f7cbe854078d1ac9338744f61a02 -> 
  custom:container-muxer-webm: aa71ff27fc2769a1b78a27578f13a17b -> 
  custom:video-decoder-webm-vp8: 9c59270c3fd7afecdb556c50c9e8de78 -> 
  custom:SearchIndexIgnoredProperties: e643bd26f0fe6173181afceb89e7c659 -> 
  custom:AudioImporter_EditorPlatform: d09bf68614088b80899f8185d706f6e7 -> 
  custom:scripting/monoscript/fileName/CameraFollowTwoObjects.cs: 4b47a90d1d620c09892ae8f71e6d52ce -> 
  custom:video-encoder-webm-vp8: eb34c28f22e8b96e1ab97ce403110664 -> 
  custom:audio-decoder-ogg-vorbis: bf7c407c2cedff20999df2af8eb42d56 -> 
  custom:audio-encoder-webm-vorbis: bf7c407c2cedff20999df2af8eb42d56 -> 
========================================================================
Received Prepare
Begin MonoManager ReloadAssembly
- Loaded All Assemblies, in  1.736 seconds
Refreshing native plugins compatible for Editor in 20.97 ms, found 4 plugins.
Native extension for WindowsStandalone target not found
Native extension for Android target not found
Native extension for WebGL target not found
[Package Manager] Server::EnsureServerProcessIsRunning -- launch failed, reason: Unity was launched with the -noUpm command-line argument
[Package Manager] UpmClient::Send -- Unable to send message (not connected to UPM process).
[Package Manager] Cannot connect to Unity Package Manager local server
Mono: successfully reloaded assembly
- Finished resetting the current domain, in  3.993 seconds
Domain Reload Profiling: 5717ms
	BeginReloadAssembly (488ms)
		ExecutionOrderSort (0ms)
		DisableScriptedObjects (26ms)
		BackupInstance (0ms)
		ReleaseScriptingObjects (0ms)
		CreateAndSetChildDomain (158ms)
	RebuildCommonClasses (120ms)
	RebuildNativeTypeToScriptingClass (36ms)
	initialDomainReloadingComplete (133ms)
	LoadAllAssembliesAndSetupDomain (946ms)
		LoadAssemblies (1094ms)
		RebuildTransferFunctionScriptingTraits (0ms)
		AnalyzeDomain (85ms)
			TypeCache.Refresh (30ms)
				TypeCache.ScanAssembly (6ms)
			ScanForSourceGeneratedMonoScriptInfo (24ms)
			ResolveRequiredComponents (28ms)
	FinalizeReload (3994ms)
		ReleaseScriptCaches (0ms)
		RebuildScriptCaches (0ms)
		SetupLoadedEditorAssemblies (1615ms)
			LogAssemblyErrors (0ms)
			InitializePlatformSupportModulesInManaged (84ms)
			SetLoadedEditorAssemblies (17ms)
			RefreshPlugins (0ms)
			BeforeProcessingInitializeOnLoad (237ms)
			ProcessInitializeOnLoadAttributes (1198ms)
			ProcessInitializeOnLoadMethodAttributes (63ms)
			AfterProcessingInitializeOnLoad (16ms)
			EditorAssembliesLoaded (1ms)
		ExecutionOrderSort2 (0ms)
		AwakeInstancesAfterBackupRestoration (27ms)
Refreshing native plugins compatible for Editor in 14.19 ms, found 4 plugins.
Preloading 0 native plugins for Editor in 0.00 ms.
Unloading 4439 Unused Serialized files (Serialized files now loaded: 0)
Unloading 65 unused Assets / (469.8 KB). Loaded Objects now: 5034.
Memory consumption went from 173.8 MB to 173.3 MB.
Total: 8.707700 ms (FindLiveObjects: 0.535000 ms CreateObjectMapping: 0.540200 ms MarkObjects: 7.088700 ms  DeleteObjects: 0.541900 ms)

Prepare: number of updated asset objects reloaded= 0
AssetImportParameters requested are different than current active one (requested -> active):
  custom:container-demuxer-ogg: 62fdf1f143b41e24485cea50d1cbac27 -> 
  custom:scripting/monoscript/fileName/Serafim_Idle.cs: 4e0b726384d8590811c64bc64234f048 -> 982b3a7f8c870c050839e282eb2ead64
  custom:video-decoder-ogg-theora: a1e56fd34408186e4bbccfd4996cb3dc -> 
  custom:framework-win-MediaFoundation: 216162199b28c13a410421893ffa2e32 -> 
  custom:CustomObjectIndexerAttribute: 6d391050e5a25f67b0a2c618074f2cd9 -> 
  custom:container-demuxer-webm: 4f35f7cbe854078d1ac9338744f61a02 -> 
  custom:container-muxer-webm: aa71ff27fc2769a1b78a27578f13a17b -> 
  custom:video-decoder-webm-vp8: 9c59270c3fd7afecdb556c50c9e8de78 -> 
  custom:SearchIndexIgnoredProperties: e643bd26f0fe6173181afceb89e7c659 -> 
  custom:AudioImporter_EditorPlatform: d09bf68614088b80899f8185d706f6e7 -> 
  custom:scripting/monoscript/fileName/CameraFollowTwoObjects.cs: 4b47a90d1d620c09892ae8f71e6d52ce -> 
  custom:video-encoder-webm-vp8: eb34c28f22e8b96e1ab97ce403110664 -> 
  custom:audio-decoder-ogg-vorbis: bf7c407c2cedff20999df2af8eb42d56 -> 
  custom:audio-encoder-webm-vorbis: bf7c407c2cedff20999df2af8eb42d56 -> 
========================================================================
Received Prepare
Begin MonoManager ReloadAssembly
- Loaded All Assemblies, in  1.799 seconds
Refreshing native plugins compatible for Editor in 19.76 ms, found 4 plugins.
Native extension for WindowsStandalone target not found
Native extension for Android target not found
Native extension for WebGL target not found
[Package Manager] Server::EnsureServerProcessIsRunning -- launch failed, reason: Unity was launched with the -noUpm command-line argument
[Package Manager] UpmClient::Send -- Unable to send message (not connected to UPM process).
[Package Manager] Cannot connect to Unity Package Manager local server
Mono: successfully reloaded assembly
- Finished resetting the current domain, in  4.048 seconds
Domain Reload Profiling: 5836ms
	BeginReloadAssembly (542ms)
		ExecutionOrderSort (0ms)
		DisableScriptedObjects (54ms)
		BackupInstance (0ms)
		ReleaseScriptingObjects (0ms)
		CreateAndSetChildDomain (103ms)
	RebuildCommonClasses (194ms)
	RebuildNativeTypeToScriptingClass (45ms)
	initialDomainReloadingComplete (92ms)
	LoadAllAssembliesAndSetupDomain (915ms)
		LoadAssemblies (1087ms)
		RebuildTransferFunctionScriptingTraits (0ms)
		AnalyzeDomain (133ms)
			TypeCache.Refresh (27ms)
				TypeCache.ScanAssembly (7ms)
			ScanForSourceGeneratedMonoScriptInfo (78ms)
			ResolveRequiredComponents (25ms)
	FinalizeReload (4049ms)
		ReleaseScriptCaches (0ms)
		RebuildScriptCaches (0ms)
		SetupLoadedEditorAssemblies (1517ms)
			LogAssemblyErrors (0ms)
			InitializePlatformSupportModulesInManaged (72ms)
			SetLoadedEditorAssemblies (8ms)
			RefreshPlugins (0ms)
			BeforeProcessingInitializeOnLoad (229ms)
			ProcessInitializeOnLoadAttributes (1095ms)
			ProcessInitializeOnLoadMethodAttributes (91ms)
			AfterProcessingInitializeOnLoad (21ms)
			EditorAssembliesLoaded (1ms)
		ExecutionOrderSort2 (0ms)
		AwakeInstancesAfterBackupRestoration (34ms)
Refreshing native plugins compatible for Editor in 15.78 ms, found 4 plugins.
Preloading 0 native plugins for Editor in 0.00 ms.
Unloading 4439 Unused Serialized files (Serialized files now loaded: 0)
Unloading 65 unused Assets / (469.7 KB). Loaded Objects now: 5050.
Memory consumption went from 175.7 MB to 175.2 MB.
Total: 8.028600 ms (FindLiveObjects: 0.546700 ms CreateObjectMapping: 0.479900 ms MarkObjects: 6.595900 ms  DeleteObjects: 0.404400 ms)

Prepare: number of updated asset objects reloaded= 0
AssetImportParameters requested are different than current active one (requested -> active):
  custom:container-demuxer-ogg: 62fdf1f143b41e24485cea50d1cbac27 -> 
  custom:scripting/monoscript/fileName/Serafim_Idle.cs: 4e0b726384d8590811c64bc64234f048 -> 982b3a7f8c870c050839e282eb2ead64
  custom:video-decoder-ogg-theora: a1e56fd34408186e4bbccfd4996cb3dc -> 
  custom:framework-win-MediaFoundation: 216162199b28c13a410421893ffa2e32 -> 
  custom:CustomObjectIndexerAttribute: 6d391050e5a25f67b0a2c618074f2cd9 -> 
  custom:container-demuxer-webm: 4f35f7cbe854078d1ac9338744f61a02 -> 
  custom:container-muxer-webm: aa71ff27fc2769a1b78a27578f13a17b -> 
  custom:video-decoder-webm-vp8: 9c59270c3fd7afecdb556c50c9e8de78 -> 
  custom:SearchIndexIgnoredProperties: e643bd26f0fe6173181afceb89e7c659 -> 
  custom:AudioImporter_EditorPlatform: d09bf68614088b80899f8185d706f6e7 -> 
  custom:scripting/monoscript/fileName/CameraFollowTwoObjects.cs: 4b47a90d1d620c09892ae8f71e6d52ce -> 
  custom:video-encoder-webm-vp8: eb34c28f22e8b96e1ab97ce403110664 -> 
  custom:audio-decoder-ogg-vorbis: bf7c407c2cedff20999df2af8eb42d56 -> 
  custom:audio-encoder-webm-vorbis: bf7c407c2cedff20999df2af8eb42d56 -> 
========================================================================
Received Import Request.
  Time since last request: 3001.093483 seconds.
  path: Assets/Animations/Serafim.controller
  artifactKey: Guid(5d37faac1052df740ae7115988042b49) Importer(815301076,1909f56bfc062723c751e8b465ee728b)
Start importing Assets/Animations/Serafim.controller using Guid(5d37faac1052df740ae7115988042b49) Importer(815301076,1909f56bfc062723c751e8b465ee728b) SendMessage cannot be called during Awake, CheckConsistency, or OnValidate (EnemyBulletFaster: OnSpriteTilingPropertyChange)
 -> (artifact id: 'cb067447addee995a567c83a41e327c0') in 0.077700 seconds
Number of updated asset objects reloaded before import = 0
Number of asset objects unloaded after import = 46
========================================================================
Received Import Request.
  Time since last request: 231.617485 seconds.
  path: Assets/Animations/Serafim.controller
  artifactKey: Guid(5d37faac1052df740ae7115988042b49) Importer(815301076,1909f56bfc062723c751e8b465ee728b)
Start importing Assets/Animations/Serafim.controller using Guid(5d37faac1052df740ae7115988042b49) Importer(815301076,1909f56bfc062723c751e8b465ee728b) SendMessage cannot be called during Awake, CheckConsistency, or OnValidate (EnemyBulletFaster: OnSpriteTilingPropertyChange)
 -> (artifact id: 'e220b6a5fe39a737c5a318c962cc2f5e') in 0.028744 seconds
Number of updated asset objects reloaded before import = 0
Number of asset objects unloaded after import = 53
========================================================================
Received Prepare
Begin MonoManager ReloadAssembly
- Loaded All Assemblies, in  1.774 seconds
Refreshing native plugins compatible for Editor in 22.78 ms, found 4 plugins.
Native extension for WindowsStandalone target not found
Native extension for Android target not found
Native extension for WebGL target not found
[Package Manager] Server::EnsureServerProcessIsRunning -- launch failed, reason: Unity was launched with the -noUpm command-line argument
[Package Manager] UpmClient::Send -- Unable to send message (not connected to UPM process).
[Package Manager] Cannot connect to Unity Package Manager local server
Mono: successfully reloaded assembly
- Finished resetting the current domain, in  5.472 seconds
Domain Reload Profiling: 7239ms
	BeginReloadAssembly (635ms)
		ExecutionOrderSort (0ms)
		DisableScriptedObjects (51ms)
		BackupInstance (0ms)
		ReleaseScriptingObjects (0ms)
		CreateAndSetChildDomain (135ms)
	RebuildCommonClasses (180ms)
	RebuildNativeTypeToScriptingClass (87ms)
	initialDomainReloadingComplete (106ms)
	LoadAllAssembliesAndSetupDomain (756ms)
		LoadAssemblies (1030ms)
		RebuildTransferFunctionScriptingTraits (0ms)
		AnalyzeDomain (34ms)
			TypeCache.Refresh (11ms)
				TypeCache.ScanAssembly (0ms)
			ScanForSourceGeneratedMonoScriptInfo (0ms)
			ResolveRequiredComponents (21ms)
	FinalizeReload (5475ms)
		ReleaseScriptCaches (0ms)
		RebuildScriptCaches (0ms)
		SetupLoadedEditorAssemblies (3249ms)
			LogAssemblyErrors (0ms)
			InitializePlatformSupportModulesInManaged (65ms)
			SetLoadedEditorAssemblies (9ms)
			RefreshPlugins (0ms)
			BeforeProcessingInitializeOnLoad (185ms)
			ProcessInitializeOnLoadAttributes (2690ms)
			ProcessInitializeOnLoadMethodAttributes (224ms)
			AfterProcessingInitializeOnLoad (75ms)
			EditorAssembliesLoaded (1ms)
		ExecutionOrderSort2 (0ms)
		AwakeInstancesAfterBackupRestoration (192ms)
Refreshing native plugins compatible for Editor in 55.69 ms, found 4 plugins.
Preloading 0 native plugins for Editor in 0.00 ms.
Unloading 4438 Unused Serialized files (Serialized files now loaded: 0)
Unloading 65 unused Assets / (470.9 KB). Loaded Objects now: 5066.
Memory consumption went from 177.4 MB to 176.9 MB.
Total: 17.110600 ms (FindLiveObjects: 0.678200 ms CreateObjectMapping: 0.959400 ms MarkObjects: 14.150400 ms  DeleteObjects: 1.320800 ms)

Prepare: number of updated asset objects reloaded= 0
AssetImportParameters requested are different than current active one (requested -> active):
  custom:container-demuxer-ogg: 62fdf1f143b41e24485cea50d1cbac27 -> 
  custom:scripting/monoscript/fileName/Serafim_Idle.cs: 4e0b726384d8590811c64bc64234f048 -> 982b3a7f8c870c050839e282eb2ead64
  custom:video-decoder-ogg-theora: a1e56fd34408186e4bbccfd4996cb3dc -> 
  custom:framework-win-MediaFoundation: 216162199b28c13a410421893ffa2e32 -> 
  custom:CustomObjectIndexerAttribute: 6d391050e5a25f67b0a2c618074f2cd9 -> 
  custom:container-demuxer-webm: 4f35f7cbe854078d1ac9338744f61a02 -> 
  custom:container-muxer-webm: aa71ff27fc2769a1b78a27578f13a17b -> 
  custom:video-decoder-webm-vp8: 9c59270c3fd7afecdb556c50c9e8de78 -> 
  custom:SearchIndexIgnoredProperties: e643bd26f0fe6173181afceb89e7c659 -> 
  custom:AudioImporter_EditorPlatform: d09bf68614088b80899f8185d706f6e7 -> 
  custom:scripting/monoscript/fileName/CameraFollowTwoObjects.cs: 4b47a90d1d620c09892ae8f71e6d52ce -> 
  custom:video-encoder-webm-vp8: eb34c28f22e8b96e1ab97ce403110664 -> 
  custom:audio-decoder-ogg-vorbis: bf7c407c2cedff20999df2af8eb42d56 -> 
  custom:audio-encoder-webm-vorbis: bf7c407c2cedff20999df2af8eb42d56 -> 
========================================================================
Received Prepare
Begin MonoManager ReloadAssembly
- Loaded All Assemblies, in  1.959 seconds
Refreshing native plugins compatible for Editor in 28.43 ms, found 4 plugins.
Native extension for WindowsStandalone target not found
Native extension for Android target not found
Native extension for WebGL target not found
[Package Manager] Server::EnsureServerProcessIsRunning -- launch failed, reason: Unity was launched with the -noUpm command-line argument
[Package Manager] UpmClient::Send -- Unable to send message (not connected to UPM process).
[Package Manager] Cannot connect to Unity Package Manager local server
Mono: successfully reloaded assembly
- Finished resetting the current domain, in  4.288 seconds
Domain Reload Profiling: 6215ms
	BeginReloadAssembly (582ms)
		ExecutionOrderSort (0ms)
		DisableScriptedObjects (74ms)
		BackupInstance (0ms)
		ReleaseScriptingObjects (0ms)
		CreateAndSetChildDomain (107ms)
	RebuildCommonClasses (149ms)
	RebuildNativeTypeToScriptingClass (42ms)
	initialDomainReloadingComplete (119ms)
	LoadAllAssembliesAndSetupDomain (1034ms)
		LoadAssemblies (1219ms)
		RebuildTransferFunctionScriptingTraits (0ms)
		AnalyzeDomain (111ms)
			TypeCache.Refresh (35ms)
				TypeCache.ScanAssembly (7ms)
			ScanForSourceGeneratedMonoScriptInfo (40ms)
			ResolveRequiredComponents (34ms)
	FinalizeReload (4289ms)
		ReleaseScriptCaches (0ms)
		RebuildScriptCaches (0ms)
		SetupLoadedEditorAssemblies (1817ms)
			LogAssemblyErrors (0ms)
			InitializePlatformSupportModulesInManaged (83ms)
			SetLoadedEditorAssemblies (10ms)
			RefreshPlugins (0ms)
			BeforeProcessingInitializeOnLoad (205ms)
			ProcessInitializeOnLoadAttributes (1419ms)
			ProcessInitializeOnLoadMethodAttributes (79ms)
			AfterProcessingInitializeOnLoad (21ms)
			EditorAssembliesLoaded (1ms)
		ExecutionOrderSort2 (0ms)
		AwakeInstancesAfterBackupRestoration (33ms)
Refreshing native plugins compatible for Editor in 18.48 ms, found 4 plugins.
Preloading 0 native plugins for Editor in 0.00 ms.
Unloading 4439 Unused Serialized files (Serialized files now loaded: 0)
Unloading 65 unused Assets / (470.0 KB). Loaded Objects now: 5082.
Memory consumption went from 179.6 MB to 179.1 MB.
Total: 7.579700 ms (FindLiveObjects: 0.677100 ms CreateObjectMapping: 0.565100 ms MarkObjects: 5.644300 ms  DeleteObjects: 0.691400 ms)

Prepare: number of updated asset objects reloaded= 0
AssetImportParameters requested are different than current active one (requested -> active):
  custom:container-demuxer-ogg: 62fdf1f143b41e24485cea50d1cbac27 -> 
  custom:scripting/monoscript/fileName/Serafim_Idle.cs: 4e0b726384d8590811c64bc64234f048 -> 982b3a7f8c870c050839e282eb2ead64
  custom:video-decoder-ogg-theora: a1e56fd34408186e4bbccfd4996cb3dc -> 
  custom:framework-win-MediaFoundation: 216162199b28c13a410421893ffa2e32 -> 
  custom:CustomObjectIndexerAttribute: 6d391050e5a25f67b0a2c618074f2cd9 -> 
  custom:container-demuxer-webm: 4f35f7cbe854078d1ac9338744f61a02 -> 
  custom:container-muxer-webm: aa71ff27fc2769a1b78a27578f13a17b -> 
  custom:video-decoder-webm-vp8: 9c59270c3fd7afecdb556c50c9e8de78 -> 
  custom:SearchIndexIgnoredProperties: e643bd26f0fe6173181afceb89e7c659 -> 
  custom:AudioImporter_EditorPlatform: d09bf68614088b80899f8185d706f6e7 -> 
  custom:scripting/monoscript/fileName/CameraFollowTwoObjects.cs: 4b47a90d1d620c09892ae8f71e6d52ce -> 
  custom:video-encoder-webm-vp8: eb34c28f22e8b96e1ab97ce403110664 -> 
  custom:audio-decoder-ogg-vorbis: bf7c407c2cedff20999df2af8eb42d56 -> 
  custom:audio-encoder-webm-vorbis: bf7c407c2cedff20999df2af8eb42d56 -> 
========================================================================
Received Import Request.
  Time since last request: 986.911104 seconds.
  path: Assets/Resources/Prefabs/Serafim.prefab
  artifactKey: Guid(3ee1c5d6ed70d0c44bb28453d8d4daed) Importer(815301076,1909f56bfc062723c751e8b465ee728b)
Start importing Assets/Resources/Prefabs/Serafim.prefab using Guid(3ee1c5d6ed70d0c44bb28453d8d4daed) Importer(815301076,1909f56bfc062723c751e8b465ee728b)  -> (artifact id: '312b5c61c35367883ccf0a98f59ff714') in 0.266232 seconds
Number of updated asset objects reloaded before import = 0
Number of asset objects unloaded after import = 167
========================================================================
Received Prepare
Begin MonoManager ReloadAssembly
- Loaded All Assemblies, in  1.478 seconds
Refreshing native plugins compatible for Editor in 30.99 ms, found 4 plugins.
Native extension for WindowsStandalone target not found
Native extension for Android target not found
Native extension for WebGL target not found
[Package Manager] Server::EnsureServerProcessIsRunning -- launch failed, reason: Unity was launched with the -noUpm command-line argument
[Package Manager] UpmClient::Send -- Unable to send message (not connected to UPM process).
[Package Manager] Cannot connect to Unity Package Manager local server
Mono: successfully reloaded assembly
- Finished resetting the current domain, in  4.770 seconds
Domain Reload Profiling: 6232ms
	BeginReloadAssembly (523ms)
		ExecutionOrderSort (0ms)
		DisableScriptedObjects (43ms)
		BackupInstance (0ms)
		ReleaseScriptingObjects (0ms)
		CreateAndSetChildDomain (143ms)
	RebuildCommonClasses (129ms)
	RebuildNativeTypeToScriptingClass (42ms)
	initialDomainReloadingComplete (133ms)
	LoadAllAssembliesAndSetupDomain (633ms)
		LoadAssemblies (850ms)
		RebuildTransferFunctionScriptingTraits (0ms)
		AnalyzeDomain (47ms)
			TypeCache.Refresh (12ms)
				TypeCache.ScanAssembly (0ms)
			ScanForSourceGeneratedMonoScriptInfo (0ms)
			ResolveRequiredComponents (32ms)
	FinalizeReload (4772ms)
		ReleaseScriptCaches (0ms)
		RebuildScriptCaches (0ms)
		SetupLoadedEditorAssemblies (2749ms)
			LogAssemblyErrors (0ms)
			InitializePlatformSupportModulesInManaged (147ms)
			SetLoadedEditorAssemblies (12ms)
			RefreshPlugins (0ms)
			BeforeProcessingInitializeOnLoad (300ms)
			ProcessInitializeOnLoadAttributes (2140ms)
			ProcessInitializeOnLoadMethodAttributes (113ms)
			AfterProcessingInitializeOnLoad (36ms)
			EditorAssembliesLoaded (1ms)
		ExecutionOrderSort2 (0ms)
		AwakeInstancesAfterBackupRestoration (53ms)
Refreshing native plugins compatible for Editor in 58.13 ms, found 4 plugins.
Preloading 0 native plugins for Editor in 0.00 ms.
Unloading 4438 Unused Serialized files (Serialized files now loaded: 0)
Unloading 68 unused Assets / (471.5 KB). Loaded Objects now: 5098.
Memory consumption went from 181.2 MB to 180.8 MB.
Total: 17.809700 ms (FindLiveObjects: 2.359600 ms CreateObjectMapping: 1.463600 ms MarkObjects: 12.614100 ms  DeleteObjects: 1.369300 ms)

Prepare: number of updated asset objects reloaded= 0
AssetImportParameters requested are different than current active one (requested -> active):
  custom:container-demuxer-ogg: 62fdf1f143b41e24485cea50d1cbac27 -> 
  custom:scripting/monoscript/fileName/Serafim_Idle.cs: 4e0b726384d8590811c64bc64234f048 -> 982b3a7f8c870c050839e282eb2ead64
  custom:video-decoder-ogg-theora: a1e56fd34408186e4bbccfd4996cb3dc -> 
  custom:framework-win-MediaFoundation: 216162199b28c13a410421893ffa2e32 -> 
  custom:CustomObjectIndexerAttribute: 6d391050e5a25f67b0a2c618074f2cd9 -> 
  custom:container-demuxer-webm: 4f35f7cbe854078d1ac9338744f61a02 -> 
  custom:container-muxer-webm: aa71ff27fc2769a1b78a27578f13a17b -> 
  custom:video-decoder-webm-vp8: 9c59270c3fd7afecdb556c50c9e8de78 -> 
  custom:SearchIndexIgnoredProperties: e643bd26f0fe6173181afceb89e7c659 -> 
  custom:AudioImporter_EditorPlatform: d09bf68614088b80899f8185d706f6e7 -> 
  custom:scripting/monoscript/fileName/CameraFollowTwoObjects.cs: 4b47a90d1d620c09892ae8f71e6d52ce -> 
  custom:video-encoder-webm-vp8: eb34c28f22e8b96e1ab97ce403110664 -> 
  custom:audio-decoder-ogg-vorbis: bf7c407c2cedff20999df2af8eb42d56 -> 
  custom:audio-encoder-webm-vorbis: bf7c407c2cedff20999df2af8eb42d56 -> 
